2025-02-07 16:46:33,140 1 INFO ? odoo: Odoo version 17.0-20250106 
2025-02-07 16:46:33,141 1 INFO ? odoo: Using configuration file at /etc/odoo/odoo.conf 
2025-02-07 16:46:33,141 1 INFO ? odoo: addons paths: ['/usr/lib/python3/dist-packages/odoo/addons', '/etc/odoo/addons/17.0', '/mnt/extra-addons'] 
2025-02-07 16:46:33,142 1 INFO ? odoo: database: odoo@db:5432 
2025-02-07 16:46:33,254 1 INFO ? odoo.addons.base.models.ir_actions_report: Will use the Wkhtmltopdf binary at /usr/local/bin/wkhtmltopdf 
2025-02-07 16:46:33,495 1 INFO ? odoo.service.server: HTTP service (werkzeug) running on 47cd4b4672f8:8069 
2025-02-07 16:46:34,992 1 ERROR ? odoo.modules.loading: Database odoo not initialized, you can force it with `-i base` 
2025-02-07 16:46:34,993 1 INFO ? odoo.modules.registry: Registry loaded in 0.039s 
2025-02-07 16:46:34,994 1 ERROR odoo odoo.http: Exception during request handling. 
Traceback (most recent call last):
  File "/usr/lib/python3/dist-packages/odoo/http.py", line 1783, in _serve_db
    return service_model.retrying(self._serve_ir_http, self.env)
  File "/usr/lib/python3/dist-packages/odoo/service/model.py", line 133, in retrying
    result = func()
  File "/usr/lib/python3/dist-packages/odoo/http.py", line 1795, in _serve_ir_http
    ir_http = self.registry['ir.http']
  File "/usr/lib/python3/dist-packages/odoo/modules/registry.py", line 209, in __getitem__
    return self.models[model_name]
KeyError: 'ir.http'

During handling of the above exception, another exception occurred:

Traceback (most recent call last):
  File "/usr/lib/python3/dist-packages/odoo/http.py", line 2207, in __call__
    response = request._serve_db()
  File "/usr/lib/python3/dist-packages/odoo/http.py", line 1787, in _serve_db
    exc.error_response = self.registry['ir.http']._handle_error(exc)
  File "/usr/lib/python3/dist-packages/odoo/modules/registry.py", line 209, in __getitem__
    return self.models[model_name]
KeyError: 'ir.http'
2025-02-07 16:46:34,997 1 INFO odoo werkzeug: 172.19.0.1 - - [07/Feb/2025 16:46:34] "GET / HTTP/1.1" 500 - 8 0.031 0.044
2025-02-07 16:46:35,048 1 ERROR odoo odoo.http: Exception during request handling. 
Traceback (most recent call last):
  File "/usr/lib/python3/dist-packages/odoo/http.py", line 1783, in _serve_db
    return service_model.retrying(self._serve_ir_http, self.env)
  File "/usr/lib/python3/dist-packages/odoo/service/model.py", line 133, in retrying
    result = func()
  File "/usr/lib/python3/dist-packages/odoo/http.py", line 1795, in _serve_ir_http
    ir_http = self.registry['ir.http']
  File "/usr/lib/python3/dist-packages/odoo/modules/registry.py", line 209, in __getitem__
    return self.models[model_name]
KeyError: 'ir.http'

During handling of the above exception, another exception occurred:

Traceback (most recent call last):
  File "/usr/lib/python3/dist-packages/odoo/http.py", line 2207, in __call__
    response = request._serve_db()
  File "/usr/lib/python3/dist-packages/odoo/http.py", line 1787, in _serve_db
    exc.error_response = self.registry['ir.http']._handle_error(exc)
  File "/usr/lib/python3/dist-packages/odoo/modules/registry.py", line 209, in __getitem__
    return self.models[model_name]
KeyError: 'ir.http'
2025-02-07 16:46:35,049 1 INFO odoo werkzeug: 172.19.0.1 - - [07/Feb/2025 16:46:35] "GET /favicon.ico HTTP/1.1" 500 - 2 0.002 0.013
2025-02-07 16:47:33,571 1 ERROR odoo odoo.sql_db: bad query: 
            SELECT latest_version
            FROM ir_module_module
             WHERE name='base'
        
ERROR: relation "ir_module_module" does not exist
LINE 3:             FROM ir_module_module
                         ^
 
2025-02-07 16:47:33,573 1 WARNING odoo odoo.addons.base.models.ir_cron: Tried to poll an undefined table on database odoo. 
2025-02-07 16:47:34,586 1 ERROR odoo odoo.sql_db: bad query: 
            SELECT latest_version
            FROM ir_module_module
             WHERE name='base'
        
ERROR: relation "ir_module_module" does not exist
LINE 3:             FROM ir_module_module
                         ^
 
2025-02-07 16:47:34,587 1 WARNING odoo odoo.addons.base.models.ir_cron: Tried to poll an undefined table on database odoo. 
2025-02-07 16:48:25,946 27 INFO ? odoo: Odoo version 17.0-20250106 
2025-02-07 16:48:25,948 27 INFO ? odoo: Using configuration file at /etc/odoo/odoo.conf 
2025-02-07 16:48:25,948 27 INFO ? odoo: addons paths: ['/usr/lib/python3/dist-packages/odoo/addons', '/etc/odoo/addons/17.0', '/mnt/extra-addons'] 
2025-02-07 16:48:25,949 27 INFO ? odoo: database: odoo@db:default 
2025-02-07 16:48:26,060 27 INFO ? odoo.addons.base.models.ir_actions_report: Will use the Wkhtmltopdf binary at /usr/local/bin/wkhtmltopdf 
2025-02-07 16:48:33,632 1 ERROR odoo odoo.sql_db: bad query: 
            SELECT latest_version
            FROM ir_module_module
             WHERE name='base'
        
ERROR: relation "ir_module_module" does not exist
LINE 3:             FROM ir_module_module
                         ^
 
2025-02-07 16:48:33,633 1 WARNING odoo odoo.addons.base.models.ir_cron: Tried to poll an undefined table on database odoo. 
2025-02-07 16:48:35,625 1 ERROR odoo odoo.sql_db: bad query: 
            SELECT latest_version
            FROM ir_module_module
             WHERE name='base'
        
ERROR: relation "ir_module_module" does not exist
LINE 3:             FROM ir_module_module
                         ^
 
2025-02-07 16:48:35,626 1 WARNING odoo odoo.addons.base.models.ir_cron: Tried to poll an undefined table on database odoo. 
2025-02-07 16:48:38,567 27 INFO ? odoo.service.server: Initiating shutdown 
2025-02-07 16:48:38,568 27 INFO ? odoo.service.server: Hit CTRL-C again or send a second signal to force the shutdown. 
2025-02-07 16:48:38,568 27 INFO ? odoo.sql_db: ConnectionPool(used=0/count=0/max=64): Closed 2 connections  
2025-02-07 16:49:33,692 1 ERROR odoo odoo.sql_db: bad query: 
            SELECT latest_version
            FROM ir_module_module
             WHERE name='base'
        
ERROR: relation "ir_module_module" does not exist
LINE 3:             FROM ir_module_module
                         ^
 
2025-02-07 16:49:33,693 1 WARNING odoo odoo.addons.base.models.ir_cron: Tried to poll an undefined table on database odoo. 
2025-02-07 16:49:36,660 1 ERROR odoo odoo.sql_db: bad query: 
            SELECT latest_version
            FROM ir_module_module
             WHERE name='base'
        
ERROR: relation "ir_module_module" does not exist
LINE 3:             FROM ir_module_module
                         ^
 
2025-02-07 16:49:36,661 1 WARNING odoo odoo.addons.base.models.ir_cron: Tried to poll an undefined table on database odoo. 
2025-02-07 16:49:55,793 1 INFO ? odoo.service.server: Initiating shutdown 
2025-02-07 16:49:55,794 1 INFO ? odoo.service.server: Hit CTRL-C again or send a second signal to force the shutdown. 
2025-02-07 16:49:55,820 1 INFO ? odoo.sql_db: ConnectionPool(used=0/count=0/max=64): Closed 3 connections  
2025-02-07 16:51:31,931 1 INFO ? odoo: Odoo version 17.0-20250106 
2025-02-07 16:51:31,933 1 INFO ? odoo: Using configuration file at /etc/odoo/odoo.conf 
2025-02-07 16:51:31,934 1 INFO ? odoo: addons paths: ['/usr/lib/python3/dist-packages/odoo/addons', '/etc/odoo/addons/17.0', '/mnt/extra-addons'] 
2025-02-07 16:51:31,935 1 INFO ? odoo: database: odoo@db:5432 
2025-02-07 16:51:32,046 1 INFO ? odoo.addons.base.models.ir_actions_report: Will use the Wkhtmltopdf binary at /usr/local/bin/wkhtmltopdf 
2025-02-07 16:51:32,331 1 INFO ? odoo.service.server: HTTP service (werkzeug) running on 5009869a7798:8069 
2025-02-07 16:51:33,554 1 ERROR ? odoo.modules.loading: Database odoo not initialized, you can force it with `-i base` 
2025-02-07 16:51:33,555 1 INFO ? odoo.modules.registry: Registry loaded in 0.044s 
2025-02-07 16:51:33,556 1 ERROR odoo odoo.http: Exception during request handling. 
Traceback (most recent call last):
  File "/usr/lib/python3/dist-packages/odoo/http.py", line 1783, in _serve_db
    return service_model.retrying(self._serve_ir_http, self.env)
  File "/usr/lib/python3/dist-packages/odoo/service/model.py", line 133, in retrying
    result = func()
  File "/usr/lib/python3/dist-packages/odoo/http.py", line 1795, in _serve_ir_http
    ir_http = self.registry['ir.http']
  File "/usr/lib/python3/dist-packages/odoo/modules/registry.py", line 209, in __getitem__
    return self.models[model_name]
KeyError: 'ir.http'

During handling of the above exception, another exception occurred:

Traceback (most recent call last):
  File "/usr/lib/python3/dist-packages/odoo/http.py", line 2207, in __call__
    response = request._serve_db()
  File "/usr/lib/python3/dist-packages/odoo/http.py", line 1787, in _serve_db
    exc.error_response = self.registry['ir.http']._handle_error(exc)
  File "/usr/lib/python3/dist-packages/odoo/modules/registry.py", line 209, in __getitem__
    return self.models[model_name]
KeyError: 'ir.http'
2025-02-07 16:51:33,559 1 INFO odoo werkzeug: 172.19.0.1 - - [07/Feb/2025 16:51:33] "GET / HTTP/1.1" 500 - 8 0.034 0.045
2025-02-07 16:51:33,612 1 ERROR odoo odoo.http: Exception during request handling. 
Traceback (most recent call last):
  File "/usr/lib/python3/dist-packages/odoo/http.py", line 1783, in _serve_db
    return service_model.retrying(self._serve_ir_http, self.env)
  File "/usr/lib/python3/dist-packages/odoo/service/model.py", line 133, in retrying
    result = func()
  File "/usr/lib/python3/dist-packages/odoo/http.py", line 1795, in _serve_ir_http
    ir_http = self.registry['ir.http']
  File "/usr/lib/python3/dist-packages/odoo/modules/registry.py", line 209, in __getitem__
    return self.models[model_name]
KeyError: 'ir.http'

During handling of the above exception, another exception occurred:

Traceback (most recent call last):
  File "/usr/lib/python3/dist-packages/odoo/http.py", line 2207, in __call__
    response = request._serve_db()
  File "/usr/lib/python3/dist-packages/odoo/http.py", line 1787, in _serve_db
    exc.error_response = self.registry['ir.http']._handle_error(exc)
  File "/usr/lib/python3/dist-packages/odoo/modules/registry.py", line 209, in __getitem__
    return self.models[model_name]
KeyError: 'ir.http'
2025-02-07 16:51:33,613 1 INFO odoo werkzeug: 172.19.0.1 - - [07/Feb/2025 16:51:33] "GET /favicon.ico HTTP/1.1" 500 - 2 0.001 0.014
2025-02-07 16:51:59,550 1 INFO ? odoo.service.server: Initiating shutdown 
2025-02-07 16:51:59,550 1 INFO ? odoo.service.server: Hit CTRL-C again or send a second signal to force the shutdown. 
2025-02-07 16:51:59,636 1 INFO ? odoo.sql_db: ConnectionPool(used=0/count=0/max=64): Closed 3 connections  
2025-02-07 16:52:09,442 1 INFO ? odoo: Odoo version 17.0-20250106 
2025-02-07 16:52:09,443 1 INFO ? odoo: Using configuration file at /etc/odoo/odoo.conf 
2025-02-07 16:52:09,444 1 INFO ? odoo: addons paths: ['/usr/lib/python3/dist-packages/odoo/addons', '/etc/odoo/addons/17.0', '/mnt/extra-addons'] 
2025-02-07 16:52:09,444 1 INFO ? odoo: database: odoo@db:5432 
2025-02-07 16:52:09,592 1 INFO ? odoo.addons.base.models.ir_actions_report: Will use the Wkhtmltopdf binary at /usr/local/bin/wkhtmltopdf 
2025-02-07 16:52:09,826 1 INFO ? odoo.service.server: HTTP service (werkzeug) running on 614831620d9e:8069 
2025-02-07 16:52:10,398 1 ERROR ? odoo.modules.loading: Database odoo not initialized, you can force it with `-i base` 
2025-02-07 16:52:10,399 1 INFO ? odoo.modules.registry: Registry loaded in 0.053s 
2025-02-07 16:52:10,401 1 ERROR odoo odoo.http: Exception during request handling. 
Traceback (most recent call last):
  File "/usr/lib/python3/dist-packages/odoo/http.py", line 1783, in _serve_db
    return service_model.retrying(self._serve_ir_http, self.env)
  File "/usr/lib/python3/dist-packages/odoo/service/model.py", line 133, in retrying
    result = func()
  File "/usr/lib/python3/dist-packages/odoo/http.py", line 1795, in _serve_ir_http
    ir_http = self.registry['ir.http']
  File "/usr/lib/python3/dist-packages/odoo/modules/registry.py", line 209, in __getitem__
    return self.models[model_name]
KeyError: 'ir.http'

During handling of the above exception, another exception occurred:

Traceback (most recent call last):
  File "/usr/lib/python3/dist-packages/odoo/http.py", line 2207, in __call__
    response = request._serve_db()
  File "/usr/lib/python3/dist-packages/odoo/http.py", line 1787, in _serve_db
    exc.error_response = self.registry['ir.http']._handle_error(exc)
  File "/usr/lib/python3/dist-packages/odoo/modules/registry.py", line 209, in __getitem__
    return self.models[model_name]
KeyError: 'ir.http'
2025-02-07 16:52:10,404 1 INFO odoo werkzeug: 172.19.0.1 - - [07/Feb/2025 16:52:10] "GET / HTTP/1.1" 500 - 8 0.039 0.048
2025-02-07 16:52:10,465 1 ERROR odoo odoo.http: Exception during request handling. 
Traceback (most recent call last):
  File "/usr/lib/python3/dist-packages/odoo/http.py", line 1783, in _serve_db
    return service_model.retrying(self._serve_ir_http, self.env)
  File "/usr/lib/python3/dist-packages/odoo/service/model.py", line 133, in retrying
    result = func()
  File "/usr/lib/python3/dist-packages/odoo/http.py", line 1795, in _serve_ir_http
    ir_http = self.registry['ir.http']
  File "/usr/lib/python3/dist-packages/odoo/modules/registry.py", line 209, in __getitem__
    return self.models[model_name]
KeyError: 'ir.http'

During handling of the above exception, another exception occurred:

Traceback (most recent call last):
  File "/usr/lib/python3/dist-packages/odoo/http.py", line 2207, in __call__
    response = request._serve_db()
  File "/usr/lib/python3/dist-packages/odoo/http.py", line 1787, in _serve_db
    exc.error_response = self.registry['ir.http']._handle_error(exc)
  File "/usr/lib/python3/dist-packages/odoo/modules/registry.py", line 209, in __getitem__
    return self.models[model_name]
KeyError: 'ir.http'
2025-02-07 16:52:10,466 1 INFO odoo werkzeug: 172.19.0.1 - - [07/Feb/2025 16:52:10] "GET /favicon.ico HTTP/1.1" 500 - 2 0.003 0.014
2025-02-07 16:53:09,906 1 ERROR odoo odoo.sql_db: bad query: 
            SELECT latest_version
            FROM ir_module_module
             WHERE name='base'
        
ERROR: relation "ir_module_module" does not exist
LINE 3:             FROM ir_module_module
                         ^
 
2025-02-07 16:53:09,907 1 WARNING odoo odoo.addons.base.models.ir_cron: Tried to poll an undefined table on database odoo. 
2025-02-07 16:53:10,918 1 ERROR odoo odoo.sql_db: bad query: 
            SELECT latest_version
            FROM ir_module_module
             WHERE name='base'
        
ERROR: relation "ir_module_module" does not exist
LINE 3:             FROM ir_module_module
                         ^
 
2025-02-07 16:53:10,919 1 WARNING odoo odoo.addons.base.models.ir_cron: Tried to poll an undefined table on database odoo. 
2025-02-07 16:53:30,187 1 INFO ? odoo.service.server: Initiating shutdown 
2025-02-07 16:53:30,188 1 INFO ? odoo.service.server: Hit CTRL-C again or send a second signal to force the shutdown. 
2025-02-07 16:53:30,566 1 INFO ? odoo.sql_db: ConnectionPool(used=0/count=0/max=64): Closed 3 connections  
2025-02-07 16:57:18,979 1 INFO ? odoo: Odoo version 17.0-20250106 
2025-02-07 16:57:18,980 1 INFO ? odoo: Using configuration file at /etc/odoo/odoo.conf 
2025-02-07 16:57:18,981 1 INFO ? odoo: addons paths: ['/usr/lib/python3/dist-packages/odoo/addons', '/etc/odoo/addons/17.0', '/mnt/extra-addons'] 
2025-02-07 16:57:18,981 1 INFO ? odoo: database: odoo@db:5432 
2025-02-07 16:57:19,111 1 INFO ? odoo.addons.base.models.ir_actions_report: Will use the Wkhtmltopdf binary at /usr/local/bin/wkhtmltopdf 
2025-02-07 16:57:19,361 1 INFO ? odoo.service.server: HTTP service (werkzeug) running on 07ac20250bcf:8069 
2025-02-07 16:57:20,314 1 ERROR ? odoo.modules.loading: Database odoo not initialized, you can force it with `-i base` 
2025-02-07 16:57:20,314 1 INFO ? odoo.modules.registry: Registry loaded in 0.042s 
2025-02-07 16:57:20,316 1 ERROR odoo odoo.http: Exception during request handling. 
Traceback (most recent call last):
  File "/usr/lib/python3/dist-packages/odoo/http.py", line 1783, in _serve_db
    return service_model.retrying(self._serve_ir_http, self.env)
  File "/usr/lib/python3/dist-packages/odoo/service/model.py", line 133, in retrying
    result = func()
  File "/usr/lib/python3/dist-packages/odoo/http.py", line 1795, in _serve_ir_http
    ir_http = self.registry['ir.http']
  File "/usr/lib/python3/dist-packages/odoo/modules/registry.py", line 209, in __getitem__
    return self.models[model_name]
KeyError: 'ir.http'

During handling of the above exception, another exception occurred:

Traceback (most recent call last):
  File "/usr/lib/python3/dist-packages/odoo/http.py", line 2207, in __call__
    response = request._serve_db()
  File "/usr/lib/python3/dist-packages/odoo/http.py", line 1787, in _serve_db
    exc.error_response = self.registry['ir.http']._handle_error(exc)
  File "/usr/lib/python3/dist-packages/odoo/modules/registry.py", line 209, in __getitem__
    return self.models[model_name]
KeyError: 'ir.http'
2025-02-07 16:57:20,318 1 INFO odoo werkzeug: 172.19.0.1 - - [07/Feb/2025 16:57:20] "GET / HTTP/1.1" 500 - 8 0.035 0.042
2025-02-07 16:57:20,375 1 ERROR odoo odoo.http: Exception during request handling. 
Traceback (most recent call last):
  File "/usr/lib/python3/dist-packages/odoo/http.py", line 1783, in _serve_db
    return service_model.retrying(self._serve_ir_http, self.env)
  File "/usr/lib/python3/dist-packages/odoo/service/model.py", line 133, in retrying
    result = func()
  File "/usr/lib/python3/dist-packages/odoo/http.py", line 1795, in _serve_ir_http
    ir_http = self.registry['ir.http']
  File "/usr/lib/python3/dist-packages/odoo/modules/registry.py", line 209, in __getitem__
    return self.models[model_name]
KeyError: 'ir.http'

During handling of the above exception, another exception occurred:

Traceback (most recent call last):
  File "/usr/lib/python3/dist-packages/odoo/http.py", line 2207, in __call__
    response = request._serve_db()
  File "/usr/lib/python3/dist-packages/odoo/http.py", line 1787, in _serve_db
    exc.error_response = self.registry['ir.http']._handle_error(exc)
  File "/usr/lib/python3/dist-packages/odoo/modules/registry.py", line 209, in __getitem__
    return self.models[model_name]
KeyError: 'ir.http'
2025-02-07 16:57:20,376 1 INFO odoo werkzeug: 172.19.0.1 - - [07/Feb/2025 16:57:20] "GET /favicon.ico HTTP/1.1" 500 - 2 0.002 0.013
2025-02-07 16:57:22,247 1 ERROR odoo odoo.http: Exception during request handling. 
Traceback (most recent call last):
  File "/usr/lib/python3/dist-packages/odoo/http.py", line 1783, in _serve_db
    return service_model.retrying(self._serve_ir_http, self.env)
  File "/usr/lib/python3/dist-packages/odoo/service/model.py", line 133, in retrying
    result = func()
  File "/usr/lib/python3/dist-packages/odoo/http.py", line 1795, in _serve_ir_http
    ir_http = self.registry['ir.http']
  File "/usr/lib/python3/dist-packages/odoo/modules/registry.py", line 209, in __getitem__
    return self.models[model_name]
KeyError: 'ir.http'

During handling of the above exception, another exception occurred:

Traceback (most recent call last):
  File "/usr/lib/python3/dist-packages/odoo/http.py", line 2207, in __call__
    response = request._serve_db()
  File "/usr/lib/python3/dist-packages/odoo/http.py", line 1787, in _serve_db
    exc.error_response = self.registry['ir.http']._handle_error(exc)
  File "/usr/lib/python3/dist-packages/odoo/modules/registry.py", line 209, in __getitem__
    return self.models[model_name]
KeyError: 'ir.http'
2025-02-07 16:57:22,248 1 INFO odoo werkzeug: 172.19.0.1 - - [07/Feb/2025 16:57:22] "GET / HTTP/1.1" 500 - 2 0.002 0.012
2025-02-07 16:57:22,280 1 ERROR odoo odoo.http: Exception during request handling. 
Traceback (most recent call last):
  File "/usr/lib/python3/dist-packages/odoo/http.py", line 1783, in _serve_db
    return service_model.retrying(self._serve_ir_http, self.env)
  File "/usr/lib/python3/dist-packages/odoo/service/model.py", line 133, in retrying
    result = func()
  File "/usr/lib/python3/dist-packages/odoo/http.py", line 1795, in _serve_ir_http
    ir_http = self.registry['ir.http']
  File "/usr/lib/python3/dist-packages/odoo/modules/registry.py", line 209, in __getitem__
    return self.models[model_name]
KeyError: 'ir.http'

During handling of the above exception, another exception occurred:

Traceback (most recent call last):
  File "/usr/lib/python3/dist-packages/odoo/http.py", line 2207, in __call__
    response = request._serve_db()
  File "/usr/lib/python3/dist-packages/odoo/http.py", line 1787, in _serve_db
    exc.error_response = self.registry['ir.http']._handle_error(exc)
  File "/usr/lib/python3/dist-packages/odoo/modules/registry.py", line 209, in __getitem__
    return self.models[model_name]
KeyError: 'ir.http'
2025-02-07 16:57:22,281 1 INFO odoo werkzeug: 172.19.0.1 - - [07/Feb/2025 16:57:22] "GET /favicon.ico HTTP/1.1" 500 - 2 0.002 0.014
2025-02-07 16:57:22,810 1 ERROR odoo odoo.http: Exception during request handling. 
Traceback (most recent call last):
  File "/usr/lib/python3/dist-packages/odoo/http.py", line 1783, in _serve_db
    return service_model.retrying(self._serve_ir_http, self.env)
  File "/usr/lib/python3/dist-packages/odoo/service/model.py", line 133, in retrying
    result = func()
  File "/usr/lib/python3/dist-packages/odoo/http.py", line 1795, in _serve_ir_http
    ir_http = self.registry['ir.http']
  File "/usr/lib/python3/dist-packages/odoo/modules/registry.py", line 209, in __getitem__
    return self.models[model_name]
KeyError: 'ir.http'

During handling of the above exception, another exception occurred:

Traceback (most recent call last):
  File "/usr/lib/python3/dist-packages/odoo/http.py", line 2207, in __call__
    response = request._serve_db()
  File "/usr/lib/python3/dist-packages/odoo/http.py", line 1787, in _serve_db
    exc.error_response = self.registry['ir.http']._handle_error(exc)
  File "/usr/lib/python3/dist-packages/odoo/modules/registry.py", line 209, in __getitem__
    return self.models[model_name]
KeyError: 'ir.http'
2025-02-07 16:57:22,811 1 INFO odoo werkzeug: 172.19.0.1 - - [07/Feb/2025 16:57:22] "GET / HTTP/1.1" 500 - 2 0.002 0.013
2025-02-07 16:57:22,845 1 ERROR odoo odoo.http: Exception during request handling. 
Traceback (most recent call last):
  File "/usr/lib/python3/dist-packages/odoo/http.py", line 1783, in _serve_db
    return service_model.retrying(self._serve_ir_http, self.env)
  File "/usr/lib/python3/dist-packages/odoo/service/model.py", line 133, in retrying
    result = func()
  File "/usr/lib/python3/dist-packages/odoo/http.py", line 1795, in _serve_ir_http
    ir_http = self.registry['ir.http']
  File "/usr/lib/python3/dist-packages/odoo/modules/registry.py", line 209, in __getitem__
    return self.models[model_name]
KeyError: 'ir.http'

During handling of the above exception, another exception occurred:

Traceback (most recent call last):
  File "/usr/lib/python3/dist-packages/odoo/http.py", line 2207, in __call__
    response = request._serve_db()
  File "/usr/lib/python3/dist-packages/odoo/http.py", line 1787, in _serve_db
    exc.error_response = self.registry['ir.http']._handle_error(exc)
  File "/usr/lib/python3/dist-packages/odoo/modules/registry.py", line 209, in __getitem__
    return self.models[model_name]
KeyError: 'ir.http'
2025-02-07 16:57:22,846 1 INFO odoo werkzeug: 172.19.0.1 - - [07/Feb/2025 16:57:22] "GET /favicon.ico HTTP/1.1" 500 - 2 0.001 0.012
2025-02-07 16:57:23,290 1 ERROR odoo odoo.http: Exception during request handling. 
Traceback (most recent call last):
  File "/usr/lib/python3/dist-packages/odoo/http.py", line 1783, in _serve_db
    return service_model.retrying(self._serve_ir_http, self.env)
  File "/usr/lib/python3/dist-packages/odoo/service/model.py", line 133, in retrying
    result = func()
  File "/usr/lib/python3/dist-packages/odoo/http.py", line 1795, in _serve_ir_http
    ir_http = self.registry['ir.http']
  File "/usr/lib/python3/dist-packages/odoo/modules/registry.py", line 209, in __getitem__
    return self.models[model_name]
KeyError: 'ir.http'

During handling of the above exception, another exception occurred:

Traceback (most recent call last):
  File "/usr/lib/python3/dist-packages/odoo/http.py", line 2207, in __call__
    response = request._serve_db()
  File "/usr/lib/python3/dist-packages/odoo/http.py", line 1787, in _serve_db
    exc.error_response = self.registry['ir.http']._handle_error(exc)
  File "/usr/lib/python3/dist-packages/odoo/modules/registry.py", line 209, in __getitem__
    return self.models[model_name]
KeyError: 'ir.http'
2025-02-07 16:57:23,291 1 INFO odoo werkzeug: 172.19.0.1 - - [07/Feb/2025 16:57:23] "GET / HTTP/1.1" 500 - 2 0.002 0.013
2025-02-07 16:57:23,324 1 ERROR odoo odoo.http: Exception during request handling. 
Traceback (most recent call last):
  File "/usr/lib/python3/dist-packages/odoo/http.py", line 1783, in _serve_db
    return service_model.retrying(self._serve_ir_http, self.env)
  File "/usr/lib/python3/dist-packages/odoo/service/model.py", line 133, in retrying
    result = func()
  File "/usr/lib/python3/dist-packages/odoo/http.py", line 1795, in _serve_ir_http
    ir_http = self.registry['ir.http']
  File "/usr/lib/python3/dist-packages/odoo/modules/registry.py", line 209, in __getitem__
    return self.models[model_name]
KeyError: 'ir.http'

During handling of the above exception, another exception occurred:

Traceback (most recent call last):
  File "/usr/lib/python3/dist-packages/odoo/http.py", line 2207, in __call__
    response = request._serve_db()
  File "/usr/lib/python3/dist-packages/odoo/http.py", line 1787, in _serve_db
    exc.error_response = self.registry['ir.http']._handle_error(exc)
  File "/usr/lib/python3/dist-packages/odoo/modules/registry.py", line 209, in __getitem__
    return self.models[model_name]
KeyError: 'ir.http'
2025-02-07 16:57:23,325 1 INFO odoo werkzeug: 172.19.0.1 - - [07/Feb/2025 16:57:23] "GET /favicon.ico HTTP/1.1" 500 - 2 0.002 0.013
2025-02-07 16:57:23,696 1 ERROR odoo odoo.http: Exception during request handling. 
Traceback (most recent call last):
  File "/usr/lib/python3/dist-packages/odoo/http.py", line 1783, in _serve_db
    return service_model.retrying(self._serve_ir_http, self.env)
  File "/usr/lib/python3/dist-packages/odoo/service/model.py", line 133, in retrying
    result = func()
  File "/usr/lib/python3/dist-packages/odoo/http.py", line 1795, in _serve_ir_http
    ir_http = self.registry['ir.http']
  File "/usr/lib/python3/dist-packages/odoo/modules/registry.py", line 209, in __getitem__
    return self.models[model_name]
KeyError: 'ir.http'

During handling of the above exception, another exception occurred:

Traceback (most recent call last):
  File "/usr/lib/python3/dist-packages/odoo/http.py", line 2207, in __call__
    response = request._serve_db()
  File "/usr/lib/python3/dist-packages/odoo/http.py", line 1787, in _serve_db
    exc.error_response = self.registry['ir.http']._handle_error(exc)
  File "/usr/lib/python3/dist-packages/odoo/modules/registry.py", line 209, in __getitem__
    return self.models[model_name]
KeyError: 'ir.http'
2025-02-07 16:57:23,697 1 INFO odoo werkzeug: 172.19.0.1 - - [07/Feb/2025 16:57:23] "GET / HTTP/1.1" 500 - 2 0.001 0.013
2025-02-07 16:57:23,729 1 ERROR odoo odoo.http: Exception during request handling. 
Traceback (most recent call last):
  File "/usr/lib/python3/dist-packages/odoo/http.py", line 1783, in _serve_db
    return service_model.retrying(self._serve_ir_http, self.env)
  File "/usr/lib/python3/dist-packages/odoo/service/model.py", line 133, in retrying
    result = func()
  File "/usr/lib/python3/dist-packages/odoo/http.py", line 1795, in _serve_ir_http
    ir_http = self.registry['ir.http']
  File "/usr/lib/python3/dist-packages/odoo/modules/registry.py", line 209, in __getitem__
    return self.models[model_name]
KeyError: 'ir.http'

During handling of the above exception, another exception occurred:

Traceback (most recent call last):
  File "/usr/lib/python3/dist-packages/odoo/http.py", line 2207, in __call__
    response = request._serve_db()
  File "/usr/lib/python3/dist-packages/odoo/http.py", line 1787, in _serve_db
    exc.error_response = self.registry['ir.http']._handle_error(exc)
  File "/usr/lib/python3/dist-packages/odoo/modules/registry.py", line 209, in __getitem__
    return self.models[model_name]
KeyError: 'ir.http'
2025-02-07 16:57:23,730 1 INFO odoo werkzeug: 172.19.0.1 - - [07/Feb/2025 16:57:23] "GET /favicon.ico HTTP/1.1" 500 - 2 0.002 0.012
2025-02-07 16:58:16,808 1 INFO ? odoo.service.server: Initiating shutdown 
2025-02-07 16:58:16,809 1 INFO ? odoo.service.server: Hit CTRL-C again or send a second signal to force the shutdown. 
2025-02-07 16:58:17,292 1 INFO ? odoo.sql_db: ConnectionPool(used=0/count=0/max=64): Closed 3 connections  
2025-02-07 16:58:37,172 1 INFO ? odoo: Odoo version 17.0-20250106 
2025-02-07 16:58:37,173 1 INFO ? odoo: Using configuration file at /etc/odoo/odoo.conf 
2025-02-07 16:58:37,173 1 INFO ? odoo: addons paths: ['/usr/lib/python3/dist-packages/odoo/addons', '/etc/odoo/addons/17.0', '/mnt/extra-addons'] 
2025-02-07 16:58:37,174 1 INFO ? odoo: database: odoo@db:5432 
2025-02-07 16:58:37,280 1 INFO ? odoo.addons.base.models.ir_actions_report: Will use the Wkhtmltopdf binary at /usr/local/bin/wkhtmltopdf 
2025-02-07 16:58:37,512 1 INFO ? odoo.service.server: HTTP service (werkzeug) running on 480b73a738f7:8069 
2025-02-07 16:58:38,557 1 ERROR ? odoo.modules.loading: Database odoo not initialized, you can force it with `-i base` 
2025-02-07 16:58:38,558 1 INFO ? odoo.modules.registry: Registry loaded in 0.041s 
2025-02-07 16:58:38,560 1 ERROR odoo odoo.http: Exception during request handling. 
Traceback (most recent call last):
  File "/usr/lib/python3/dist-packages/odoo/http.py", line 1783, in _serve_db
    return service_model.retrying(self._serve_ir_http, self.env)
  File "/usr/lib/python3/dist-packages/odoo/service/model.py", line 133, in retrying
    result = func()
  File "/usr/lib/python3/dist-packages/odoo/http.py", line 1795, in _serve_ir_http
    ir_http = self.registry['ir.http']
  File "/usr/lib/python3/dist-packages/odoo/modules/registry.py", line 209, in __getitem__
    return self.models[model_name]
KeyError: 'ir.http'

During handling of the above exception, another exception occurred:

Traceback (most recent call last):
  File "/usr/lib/python3/dist-packages/odoo/http.py", line 2207, in __call__
    response = request._serve_db()
  File "/usr/lib/python3/dist-packages/odoo/http.py", line 1787, in _serve_db
    exc.error_response = self.registry['ir.http']._handle_error(exc)
  File "/usr/lib/python3/dist-packages/odoo/modules/registry.py", line 209, in __getitem__
    return self.models[model_name]
KeyError: 'ir.http'
2025-02-07 16:58:38,564 1 INFO odoo werkzeug: 172.19.0.1 - - [07/Feb/2025 16:58:38] "GET / HTTP/1.1" 500 - 8 0.033 0.044
2025-02-07 16:58:38,619 1 ERROR odoo odoo.http: Exception during request handling. 
Traceback (most recent call last):
  File "/usr/lib/python3/dist-packages/odoo/http.py", line 1783, in _serve_db
    return service_model.retrying(self._serve_ir_http, self.env)
  File "/usr/lib/python3/dist-packages/odoo/service/model.py", line 133, in retrying
    result = func()
  File "/usr/lib/python3/dist-packages/odoo/http.py", line 1795, in _serve_ir_http
    ir_http = self.registry['ir.http']
  File "/usr/lib/python3/dist-packages/odoo/modules/registry.py", line 209, in __getitem__
    return self.models[model_name]
KeyError: 'ir.http'

During handling of the above exception, another exception occurred:

Traceback (most recent call last):
  File "/usr/lib/python3/dist-packages/odoo/http.py", line 2207, in __call__
    response = request._serve_db()
  File "/usr/lib/python3/dist-packages/odoo/http.py", line 1787, in _serve_db
    exc.error_response = self.registry['ir.http']._handle_error(exc)
  File "/usr/lib/python3/dist-packages/odoo/modules/registry.py", line 209, in __getitem__
    return self.models[model_name]
KeyError: 'ir.http'
2025-02-07 16:58:38,620 1 INFO odoo werkzeug: 172.19.0.1 - - [07/Feb/2025 16:58:38] "GET /favicon.ico HTTP/1.1" 500 - 2 0.001 0.013
2025-02-07 16:59:31,233 1 INFO ? odoo.service.server: Initiating shutdown 
2025-02-07 16:59:31,234 1 INFO ? odoo.service.server: Hit CTRL-C again or send a second signal to force the shutdown. 
2025-02-07 16:59:31,671 1 INFO ? odoo.sql_db: ConnectionPool(used=0/count=0/max=64): Closed 3 connections  
2025-02-07 16:59:42,496 1 INFO ? odoo: Odoo version 17.0-20250106 
2025-02-07 16:59:42,497 1 INFO ? odoo: Using configuration file at /etc/odoo/odoo.conf 
2025-02-07 16:59:42,497 1 INFO ? odoo: addons paths: ['/usr/lib/python3/dist-packages/odoo/addons', '/etc/odoo/addons/17.0', '/mnt/extra-addons'] 
2025-02-07 16:59:42,497 1 INFO ? odoo: database: odoo@db:5432 
2025-02-07 16:59:42,603 1 INFO ? odoo.addons.base.models.ir_actions_report: Will use the Wkhtmltopdf binary at /usr/local/bin/wkhtmltopdf 
2025-02-07 16:59:42,850 1 INFO ? odoo.service.server: HTTP service (werkzeug) running on c5cb81e63ffa:8069 
2025-02-07 16:59:43,728 1 ERROR ? odoo.modules.loading: Database odoo not initialized, you can force it with `-i base` 
2025-02-07 16:59:43,729 1 INFO ? odoo.modules.registry: Registry loaded in 0.049s 
2025-02-07 16:59:43,730 1 ERROR odoo odoo.http: Exception during request handling. 
Traceback (most recent call last):
  File "/usr/lib/python3/dist-packages/odoo/http.py", line 1783, in _serve_db
    return service_model.retrying(self._serve_ir_http, self.env)
  File "/usr/lib/python3/dist-packages/odoo/service/model.py", line 133, in retrying
    result = func()
  File "/usr/lib/python3/dist-packages/odoo/http.py", line 1795, in _serve_ir_http
    ir_http = self.registry['ir.http']
  File "/usr/lib/python3/dist-packages/odoo/modules/registry.py", line 209, in __getitem__
    return self.models[model_name]
KeyError: 'ir.http'

During handling of the above exception, another exception occurred:

Traceback (most recent call last):
  File "/usr/lib/python3/dist-packages/odoo/http.py", line 2207, in __call__
    response = request._serve_db()
  File "/usr/lib/python3/dist-packages/odoo/http.py", line 1787, in _serve_db
    exc.error_response = self.registry['ir.http']._handle_error(exc)
  File "/usr/lib/python3/dist-packages/odoo/modules/registry.py", line 209, in __getitem__
    return self.models[model_name]
KeyError: 'ir.http'
2025-02-07 16:59:43,733 1 INFO odoo werkzeug: 172.19.0.1 - - [07/Feb/2025 16:59:43] "GET / HTTP/1.1" 500 - 8 0.036 0.047
2025-02-07 16:59:43,787 1 ERROR odoo odoo.http: Exception during request handling. 
Traceback (most recent call last):
  File "/usr/lib/python3/dist-packages/odoo/http.py", line 1783, in _serve_db
    return service_model.retrying(self._serve_ir_http, self.env)
  File "/usr/lib/python3/dist-packages/odoo/service/model.py", line 133, in retrying
    result = func()
  File "/usr/lib/python3/dist-packages/odoo/http.py", line 1795, in _serve_ir_http
    ir_http = self.registry['ir.http']
  File "/usr/lib/python3/dist-packages/odoo/modules/registry.py", line 209, in __getitem__
    return self.models[model_name]
KeyError: 'ir.http'

During handling of the above exception, another exception occurred:

Traceback (most recent call last):
  File "/usr/lib/python3/dist-packages/odoo/http.py", line 2207, in __call__
    response = request._serve_db()
  File "/usr/lib/python3/dist-packages/odoo/http.py", line 1787, in _serve_db
    exc.error_response = self.registry['ir.http']._handle_error(exc)
  File "/usr/lib/python3/dist-packages/odoo/modules/registry.py", line 209, in __getitem__
    return self.models[model_name]
KeyError: 'ir.http'
2025-02-07 16:59:43,788 1 INFO odoo werkzeug: 172.19.0.1 - - [07/Feb/2025 16:59:43] "GET /favicon.ico HTTP/1.1" 500 - 2 0.002 0.013
2025-02-07 17:00:42,926 1 ERROR odoo odoo.sql_db: bad query: 
            SELECT latest_version
            FROM ir_module_module
             WHERE name='base'
        
ERROR: relation "ir_module_module" does not exist
LINE 3:             FROM ir_module_module
                         ^
 
2025-02-07 17:00:42,927 1 WARNING odoo odoo.addons.base.models.ir_cron: Tried to poll an undefined table on database odoo. 
2025-02-07 17:00:43,941 1 ERROR odoo odoo.sql_db: bad query: 
            SELECT latest_version
            FROM ir_module_module
             WHERE name='base'
        
ERROR: relation "ir_module_module" does not exist
LINE 3:             FROM ir_module_module
                         ^
 
2025-02-07 17:00:43,942 1 WARNING odoo odoo.addons.base.models.ir_cron: Tried to poll an undefined table on database odoo. 
2025-02-07 17:01:23,031 1 INFO ? odoo.service.server: Initiating shutdown 
2025-02-07 17:01:23,031 1 INFO ? odoo.service.server: Hit CTRL-C again or send a second signal to force the shutdown. 
2025-02-07 17:01:23,412 1 INFO ? odoo.sql_db: ConnectionPool(used=0/count=0/max=64): Closed 3 connections  
2025-02-07 17:01:42,461 1 INFO ? odoo: Odoo version 17.0-20250106 
2025-02-07 17:01:42,463 1 INFO ? odoo: Using configuration file at /etc/odoo/odoo.conf 
2025-02-07 17:01:42,464 1 INFO ? odoo: addons paths: ['/usr/lib/python3/dist-packages/odoo/addons', '/etc/odoo/addons/17.0', '/mnt/extra-addons'] 
2025-02-07 17:01:42,465 1 INFO ? odoo: database: odoo@db:5432 
2025-02-07 17:01:42,630 1 INFO ? odoo.addons.base.models.ir_actions_report: Will use the Wkhtmltopdf binary at /usr/local/bin/wkhtmltopdf 
2025-02-07 17:01:42,901 1 INFO ? odoo.service.server: HTTP service (werkzeug) running on bc884fb48eeb:8069 
2025-02-07 17:01:43,662 1 ERROR ? odoo.modules.loading: Database odoo not initialized, you can force it with `-i base` 
2025-02-07 17:01:43,663 1 INFO ? odoo.modules.registry: Registry loaded in 0.046s 
2025-02-07 17:01:43,665 1 ERROR odoo odoo.http: Exception during request handling. 
Traceback (most recent call last):
  File "/usr/lib/python3/dist-packages/odoo/http.py", line 1783, in _serve_db
    return service_model.retrying(self._serve_ir_http, self.env)
  File "/usr/lib/python3/dist-packages/odoo/service/model.py", line 133, in retrying
    result = func()
  File "/usr/lib/python3/dist-packages/odoo/http.py", line 1795, in _serve_ir_http
    ir_http = self.registry['ir.http']
  File "/usr/lib/python3/dist-packages/odoo/modules/registry.py", line 209, in __getitem__
    return self.models[model_name]
KeyError: 'ir.http'

During handling of the above exception, another exception occurred:

Traceback (most recent call last):
  File "/usr/lib/python3/dist-packages/odoo/http.py", line 2207, in __call__
    response = request._serve_db()
  File "/usr/lib/python3/dist-packages/odoo/http.py", line 1787, in _serve_db
    exc.error_response = self.registry['ir.http']._handle_error(exc)
  File "/usr/lib/python3/dist-packages/odoo/modules/registry.py", line 209, in __getitem__
    return self.models[model_name]
KeyError: 'ir.http'
2025-02-07 17:01:43,667 1 INFO odoo werkzeug: 172.19.0.1 - - [07/Feb/2025 17:01:43] "GET / HTTP/1.1" 500 - 8 0.035 0.042
2025-02-07 17:01:43,720 1 ERROR odoo odoo.http: Exception during request handling. 
Traceback (most recent call last):
  File "/usr/lib/python3/dist-packages/odoo/http.py", line 1783, in _serve_db
    return service_model.retrying(self._serve_ir_http, self.env)
  File "/usr/lib/python3/dist-packages/odoo/service/model.py", line 133, in retrying
    result = func()
  File "/usr/lib/python3/dist-packages/odoo/http.py", line 1795, in _serve_ir_http
    ir_http = self.registry['ir.http']
  File "/usr/lib/python3/dist-packages/odoo/modules/registry.py", line 209, in __getitem__
    return self.models[model_name]
KeyError: 'ir.http'

During handling of the above exception, another exception occurred:

Traceback (most recent call last):
  File "/usr/lib/python3/dist-packages/odoo/http.py", line 2207, in __call__
    response = request._serve_db()
  File "/usr/lib/python3/dist-packages/odoo/http.py", line 1787, in _serve_db
    exc.error_response = self.registry['ir.http']._handle_error(exc)
  File "/usr/lib/python3/dist-packages/odoo/modules/registry.py", line 209, in __getitem__
    return self.models[model_name]
KeyError: 'ir.http'
2025-02-07 17:01:43,721 1 INFO odoo werkzeug: 172.19.0.1 - - [07/Feb/2025 17:01:43] "GET /favicon.ico HTTP/1.1" 500 - 2 0.002 0.013
2025-02-07 17:02:42,975 1 ERROR odoo odoo.sql_db: bad query: 
            SELECT latest_version
            FROM ir_module_module
             WHERE name='base'
        
ERROR: relation "ir_module_module" does not exist
LINE 3:             FROM ir_module_module
                         ^
 
2025-02-07 17:02:42,976 1 WARNING odoo odoo.addons.base.models.ir_cron: Tried to poll an undefined table on database odoo. 
2025-02-07 17:02:43,991 1 ERROR odoo odoo.sql_db: bad query: 
            SELECT latest_version
            FROM ir_module_module
             WHERE name='base'
        
ERROR: relation "ir_module_module" does not exist
LINE 3:             FROM ir_module_module
                         ^
 
2025-02-07 17:02:43,992 1 WARNING odoo odoo.addons.base.models.ir_cron: Tried to poll an undefined table on database odoo. 
2025-02-07 17:03:26,038 1 INFO ? odoo.service.server: Initiating shutdown 
2025-02-07 17:03:26,039 1 INFO ? odoo.service.server: Hit CTRL-C again or send a second signal to force the shutdown. 
2025-02-07 17:03:26,346 1 INFO ? odoo.sql_db: ConnectionPool(used=0/count=0/max=64): Closed 3 connections  
2025-02-07 17:03:40,161 1 INFO ? odoo: Odoo version 17.0-20250106 
2025-02-07 17:03:40,162 1 INFO ? odoo: Using configuration file at /etc/odoo/odoo.conf 
2025-02-07 17:03:40,162 1 INFO ? odoo: addons paths: ['/usr/lib/python3/dist-packages/odoo/addons', '/etc/odoo/addons/17.0', '/mnt/extra-addons'] 
2025-02-07 17:03:40,163 1 INFO ? odoo: database: odoo@db:5432 
2025-02-07 17:03:40,287 1 INFO ? odoo.addons.base.models.ir_actions_report: Will use the Wkhtmltopdf binary at /usr/local/bin/wkhtmltopdf 
2025-02-07 17:03:40,556 1 INFO ? odoo.service.server: HTTP service (werkzeug) running on bc884fb48eeb:8069 
2025-02-07 17:03:41,004 1 INFO ? werkzeug: 172.19.0.1 - - [07/Feb/2025 17:03:41] "GET / HTTP/1.1" 303 - 1 0.030 0.048
2025-02-07 17:03:41,061 1 INFO ? werkzeug: 172.19.0.1 - - [07/Feb/2025 17:03:41] "GET /web HTTP/1.1" 303 - 2 0.009 0.044
2025-02-07 17:03:42,167 1 INFO ? werkzeug: 172.19.0.1 - - [07/Feb/2025 17:03:42] "GET /web/database/selector HTTP/1.1" 200 - 2 0.008 1.092
2025-02-07 17:03:42,321 1 INFO ? werkzeug: 172.19.0.1 - - [07/Feb/2025 17:03:42] "GET /web/static/lib/bootstrap/dist/css/bootstrap.css HTTP/1.1" 200 - 1 0.004 0.127
2025-02-07 17:03:42,322 1 INFO ? werkzeug: 172.19.0.1 - - [07/Feb/2025 17:03:42] "GET /web/static/src/libs/fontawesome/css/font-awesome.css HTTP/1.1" 200 - 1 0.004 0.132
2025-02-07 17:03:42,325 1 INFO ? werkzeug: 172.19.0.1 - - [07/Feb/2025 17:03:42] "GET /web/static/lib/bootstrap/js/dist/dom/manipulator.js HTTP/1.1" 200 - 1 0.003 0.131
2025-02-07 17:03:42,327 1 INFO ? werkzeug: 172.19.0.1 - - [07/Feb/2025 17:03:42] "GET /web/static/lib/bootstrap/js/dist/dom/selector-engine.js HTTP/1.1" 200 - 1 0.003 0.134
2025-02-07 17:03:42,329 1 INFO ? werkzeug: 172.19.0.1 - - [07/Feb/2025 17:03:42] "GET /web/static/lib/bootstrap/js/dist/dom/data.js HTTP/1.1" 200 - 1 0.005 0.135
2025-02-07 17:03:42,332 1 INFO ? werkzeug: 172.19.0.1 - - [07/Feb/2025 17:03:42] "GET /web/static/lib/bootstrap/js/dist/dom/event-handler.js HTTP/1.1" 200 - 1 0.006 0.135
2025-02-07 17:03:42,426 1 INFO ? werkzeug: 172.19.0.1 - - [07/Feb/2025 17:03:42] "GET /web/static/lib/bootstrap/js/dist/modal.js HTTP/1.1" 200 - 1 0.005 0.085
2025-02-07 17:03:42,426 1 INFO ? werkzeug: 172.19.0.1 - - [07/Feb/2025 17:03:42] "GET /web/static/lib/bootstrap/js/dist/base-component.js HTTP/1.1" 200 - 1 0.004 0.090
2025-02-07 17:03:42,428 1 INFO ? werkzeug: 172.19.0.1 - - [07/Feb/2025 17:03:42] "GET /web/static/src/public/database_manager.js HTTP/1.1" 200 - 1 0.004 0.085
2025-02-07 17:03:42,431 1 INFO ? werkzeug: 172.19.0.1 - - [07/Feb/2025 17:03:42] "GET /web/static/img/logo2.png HTTP/1.1" 200 - 1 0.005 0.084
2025-02-07 17:03:42,611 1 INFO ? werkzeug: 172.19.0.1 - - [07/Feb/2025 17:03:42] "GET /web/static/src/libs/fontawesome/fonts/fontawesome-webfont.woff2?v=4.7.0 HTTP/1.1" 200 - 1 0.004 0.037
2025-02-07 17:03:42,654 1 INFO ? werkzeug: 172.19.0.1 - - [07/Feb/2025 17:03:42] "GET /web/static/img/favicon.ico HTTP/1.1" 200 - 1 0.006 0.023
2025-02-07 17:04:52,892 1 INFO None odoo.service.db: Create database `task`. 
2025-02-07 17:04:55,549 1 INFO None odoo.modules.loading: loading 1 modules... 
2025-02-07 17:04:55,550 1 INFO None odoo.modules.loading: Loading module base (1/1) 
2025-02-07 17:04:55,577 1 INFO None odoo.modules.registry: module base: creating or updating database tables 
2025-02-07 17:04:56,547 1 INFO None odoo.models: Prepare computation of ir.module.module.menus_by_module 
2025-02-07 17:04:56,547 1 INFO None odoo.models: Prepare computation of ir.module.module.reports_by_module 
2025-02-07 17:04:56,548 1 INFO None odoo.models: Prepare computation of ir.module.module.views_by_module 
2025-02-07 17:04:56,897 1 INFO None odoo.models: Prepare computation of res.partner.user_id 
2025-02-07 17:04:56,897 1 INFO None odoo.models: Prepare computation of res.partner.commercial_partner_id 
2025-02-07 17:04:56,898 1 INFO None odoo.models: Prepare computation of res.partner.complete_name 
2025-02-07 17:04:56,898 1 INFO None odoo.models: Prepare computation of res.partner.company_registry 
2025-02-07 17:04:56,899 1 INFO None odoo.models: Prepare computation of res.partner.commercial_company_name 
2025-02-07 17:04:56,899 1 INFO None odoo.models: Prepare computation of res.partner.partner_share 
2025-02-07 17:04:57,036 1 INFO None odoo.models: Prepare computation of res.currency.decimal_places 
2025-02-07 17:04:57,123 1 INFO None odoo.models: Prepare computation of res.company.uses_default_logo 
2025-02-07 17:04:57,124 1 INFO None odoo.models: Prepare computation of res.company.logo_web 
2025-02-07 17:04:57,132 1 INFO None odoo.models: Computing parent_path for table res_company... 
2025-02-07 17:04:57,201 1 INFO None odoo.models: Prepare computation of res.users.signature 
2025-02-07 17:04:57,202 1 INFO None odoo.models: Prepare computation of res.users.share 
2025-02-07 17:05:00,258 1 INFO None odoo.modules.loading: loading base/data/res_bank.xml 
2025-02-07 17:05:00,269 1 INFO None odoo.modules.loading: loading base/data/res.lang.csv 
2025-02-07 17:05:00,318 1 INFO None odoo.modules.loading: loading base/data/res_lang_data.xml 
2025-02-07 17:05:00,410 1 INFO None odoo.modules.loading: loading base/data/res_partner_data.xml 
2025-02-07 17:05:00,532 1 INFO None odoo.modules.loading: loading base/data/res_currency_data.xml 
2025-02-07 17:05:01,171 1 INFO None odoo.modules.loading: loading base/data/res_company_data.xml 
2025-02-07 17:05:01,183 1 INFO None odoo.modules.loading: loading base/data/res_users_data.xml 
2025-02-07 17:05:02,131 1 INFO None odoo.modules.loading: loading base/data/report_paperformat_data.xml 
2025-02-07 17:05:02,142 1 INFO None odoo.modules.loading: loading base/data/res_country_data.xml 
2025-02-07 17:05:02,535 1 INFO None odoo.modules.loading: loading base/data/ir_demo_data.xml 
2025-02-07 17:05:02,549 1 INFO None odoo.modules.loading: loading base/security/base_groups.xml 
2025-02-07 17:05:03,095 1 INFO None odoo.modules.loading: loading base/security/base_security.xml 
2025-02-07 17:05:03,198 1 INFO None odoo.modules.loading: loading base/views/base_menus.xml 
2025-02-07 17:05:03,314 1 INFO None odoo.modules.loading: loading base/views/decimal_precision_views.xml 
2025-02-07 17:05:03,328 1 INFO None odoo.modules.loading: loading base/views/res_config_views.xml 
2025-02-07 17:05:03,336 1 INFO None odoo.modules.loading: loading base/data/res.country.state.csv 
2025-02-07 17:05:03,855 1 INFO None odoo.modules.loading: loading base/views/ir_actions_views.xml 
2025-02-07 17:05:03,968 1 INFO None odoo.modules.loading: loading base/views/ir_asset_views.xml 
2025-02-07 17:05:03,984 1 INFO None odoo.modules.loading: loading base/views/ir_config_parameter_views.xml 
2025-02-07 17:05:03,998 1 INFO None odoo.modules.loading: loading base/views/ir_cron_views.xml 
2025-02-07 17:05:04,027 1 INFO None odoo.modules.loading: loading base/views/ir_cron_trigger_views.xml 
2025-02-07 17:05:04,041 1 INFO None odoo.modules.loading: loading base/views/ir_filters_views.xml 
2025-02-07 17:05:04,057 1 INFO None odoo.modules.loading: loading base/views/ir_mail_server_views.xml 
2025-02-07 17:05:04,075 1 INFO None odoo.modules.loading: loading base/views/ir_model_views.xml 
2025-02-07 17:05:04,202 1 INFO None odoo.modules.loading: loading base/views/ir_attachment_views.xml 
2025-02-07 17:05:04,226 1 INFO None odoo.modules.loading: loading base/views/ir_rule_views.xml 
2025-02-07 17:05:04,250 1 INFO None odoo.modules.loading: loading base/views/ir_sequence_views.xml 
2025-02-07 17:05:04,271 1 INFO None odoo.modules.loading: loading base/views/ir_ui_menu_views.xml 
2025-02-07 17:05:04,298 1 INFO None odoo.modules.loading: loading base/views/ir_ui_view_views.xml 
2025-02-07 17:05:04,339 1 INFO None odoo.modules.loading: loading base/views/ir_default_views.xml 
2025-02-07 17:05:04,359 1 INFO None odoo.modules.loading: loading base/data/ir_cron_data.xml 
2025-02-07 17:05:04,371 1 INFO None odoo.modules.loading: loading base/report/ir_model_report.xml 
2025-02-07 17:05:04,376 1 INFO None odoo.modules.loading: loading base/report/ir_model_templates.xml 
2025-02-07 17:05:04,384 1 INFO None odoo.modules.loading: loading base/views/ir_logging_views.xml 
2025-02-07 17:05:04,399 1 INFO None odoo.modules.loading: loading base/views/ir_qweb_widget_templates.xml 
2025-02-07 17:05:04,411 1 INFO None odoo.modules.loading: loading base/views/ir_module_views.xml 
2025-02-07 17:05:04,456 1 INFO None odoo.modules.loading: loading base/data/ir_module_category_data.xml 
2025-02-07 17:05:04,538 1 INFO None odoo.modules.loading: loading base/data/ir_module_module.xml 
2025-02-07 17:05:04,619 1 INFO None odoo.modules.loading: loading base/report/ir_module_reports.xml 
2025-02-07 17:05:04,624 1 INFO None odoo.modules.loading: loading base/report/ir_module_report_templates.xml 
2025-02-07 17:05:04,630 1 INFO None odoo.modules.loading: loading base/wizard/base_module_update_views.xml 
2025-02-07 17:05:04,640 1 INFO None odoo.modules.loading: loading base/wizard/base_language_install_views.xml 
2025-02-07 17:05:04,653 1 INFO None odoo.modules.loading: loading base/wizard/base_import_language_views.xml 
2025-02-07 17:05:04,663 1 INFO None odoo.modules.loading: loading base/wizard/base_module_upgrade_views.xml 
2025-02-07 17:05:04,679 1 INFO None odoo.modules.loading: loading base/wizard/base_module_uninstall_views.xml 
2025-02-07 17:05:04,685 1 INFO None odoo.modules.loading: loading base/wizard/base_export_language_views.xml 
2025-02-07 17:05:04,697 1 INFO None odoo.modules.loading: loading base/wizard/base_partner_merge_views.xml 
2025-02-07 17:05:04,710 1 INFO None odoo.modules.loading: loading base/data/ir_demo_failure_data.xml 
2025-02-07 17:05:04,722 1 INFO None odoo.modules.loading: loading base/views/ir_profile_views.xml 
2025-02-07 17:05:04,742 1 INFO None odoo.modules.loading: loading base/views/res_company_views.xml 
2025-02-07 17:05:04,763 1 INFO None odoo.modules.loading: loading base/views/res_lang_views.xml 
2025-02-07 17:05:04,782 1 INFO None odoo.modules.loading: loading base/views/res_partner_views.xml 
2025-02-07 17:05:04,880 1 INFO None odoo.modules.loading: loading base/views/res_bank_views.xml 
2025-02-07 17:05:04,906 1 INFO None odoo.modules.loading: loading base/views/res_country_views.xml 
2025-02-07 17:05:04,940 1 INFO None odoo.modules.loading: loading base/views/res_currency_views.xml 
2025-02-07 17:05:04,971 1 INFO None odoo.modules.loading: loading base/views/res_users_views.xml 
2025-02-07 17:05:05,081 1 INFO None odoo.modules.loading: loading base/views/res_users_identitycheck_views.xml 
2025-02-07 17:05:05,096 1 INFO None odoo.modules.loading: loading base/views/ir_property_views.xml 
2025-02-07 17:05:05,114 1 INFO None odoo.modules.loading: loading base/views/res_config_settings_views.xml 
2025-02-07 17:05:05,122 1 INFO None odoo.modules.loading: loading base/views/report_paperformat_views.xml 
2025-02-07 17:05:05,149 1 INFO None odoo.modules.loading: loading base/security/ir.model.access.csv 
2025-02-07 17:05:05,592 1 INFO None odoo.modules.loading: Module base loaded in 10.04s, 7940 queries (+7940 other) 
2025-02-07 17:05:05,593 1 INFO None odoo.modules.loading: 1 modules loaded in 10.04s, 7940 queries (+7940 extra) 
2025-02-07 17:05:05,641 1 INFO None odoo.modules.loading: updating modules list 
2025-02-07 17:05:05,642 1 INFO None odoo.addons.base.models.ir_module: ALLOW access to module.update_list on [] to user __system__ #1 via n/a 
2025-02-07 17:05:06,370 1 INFO None odoo.modules.loading: loading 11 modules... 
2025-02-07 17:05:06,371 1 INFO None odoo.modules.loading: Loading module web (2/11) 
2025-02-07 17:05:06,391 1 INFO None odoo.modules.registry: module web: creating or updating database tables 
2025-02-07 17:05:06,942 1 INFO None odoo.modules.loading: loading web/security/ir.model.access.csv 
2025-02-07 17:05:06,964 1 INFO None odoo.modules.loading: loading web/views/webclient_templates.xml 
2025-02-07 17:05:07,021 1 INFO None odoo.modules.loading: loading web/views/report_templates.xml 
2025-02-07 17:05:07,113 1 INFO None odoo.modules.loading: loading web/views/base_document_layout_views.xml 
2025-02-07 17:05:07,134 1 INFO None odoo.modules.loading: loading web/views/partner_view.xml 
2025-02-07 17:05:07,143 1 INFO None odoo.modules.loading: loading web/views/speedscope_template.xml 
2025-02-07 17:05:07,149 1 INFO None odoo.modules.loading: loading web/views/neutralize_views.xml 
2025-02-07 17:05:07,157 1 INFO None odoo.modules.loading: loading web/data/ir_attachment.xml 
2025-02-07 17:05:07,167 1 INFO None odoo.modules.loading: loading web/data/report_layout.xml 
2025-02-07 17:05:07,255 1 INFO None odoo.modules.loading: Module web loaded in 0.88s, 989 queries (+989 other) 
2025-02-07 17:05:07,256 1 INFO None odoo.modules.loading: Loading module auth_totp (3/11) 
2025-02-07 17:05:07,291 1 INFO None odoo.modules.registry: module auth_totp: creating or updating database tables 
2025-02-07 17:05:07,391 1 INFO None odoo.modules.loading: loading auth_totp/security/security.xml 
2025-02-07 17:05:07,431 1 INFO None odoo.modules.loading: loading auth_totp/security/ir.model.access.csv 
2025-02-07 17:05:07,442 1 INFO None odoo.modules.loading: loading auth_totp/data/ir_action_data.xml 
2025-02-07 17:05:07,455 1 INFO None odoo.modules.loading: loading auth_totp/views/res_users_views.xml 
2025-02-07 17:05:07,482 1 INFO None odoo.modules.loading: loading auth_totp/views/templates.xml 
2025-02-07 17:05:07,489 1 INFO None odoo.modules.loading: loading auth_totp/wizard/auth_totp_wizard_views.xml 
2025-02-07 17:05:07,523 1 INFO None odoo.modules.loading: Module auth_totp loaded in 0.27s, 179 queries (+179 other) 
2025-02-07 17:05:07,524 1 INFO None odoo.modules.loading: Loading module base_import (4/11) 
2025-02-07 17:05:07,575 1 INFO None odoo.modules.registry: module base_import: creating or updating database tables 
2025-02-07 17:05:08,045 1 INFO None odoo.modules.loading: loading base_import/security/ir.model.access.csv 
2025-02-07 17:05:08,069 1 INFO None odoo.modules.loading: Module base_import loaded in 0.55s, 801 queries (+801 other) 
2025-02-07 17:05:08,070 1 INFO None odoo.modules.loading: Loading module base_import_module (5/11) 
2025-02-07 17:05:08,097 1 INFO None odoo.modules.registry: module base_import_module: creating or updating database tables 
2025-02-07 17:05:08,197 1 INFO None odoo.modules.loading: loading base_import_module/security/ir.model.access.csv 
2025-02-07 17:05:08,208 1 INFO None odoo.modules.loading: loading base_import_module/views/base_import_module_view.xml 
2025-02-07 17:05:08,227 1 INFO None odoo.modules.loading: loading base_import_module/views/ir_module_views.xml 
2025-02-07 17:05:08,280 1 INFO None odoo.modules.loading: Module base_import_module loaded in 0.21s, 154 queries (+154 other) 
2025-02-07 17:05:08,281 1 INFO None odoo.modules.loading: Loading module base_setup (6/11) 
2025-02-07 17:05:08,300 1 INFO None odoo.modules.registry: module base_setup: creating or updating database tables 
2025-02-07 17:05:08,354 1 INFO None odoo.modules.loading: loading base_setup/data/base_setup_data.xml 
2025-02-07 17:05:08,359 1 INFO None odoo.modules.loading: loading base_setup/views/res_config_settings_views.xml 
2025-02-07 17:05:08,383 1 INFO None odoo.modules.loading: loading base_setup/views/res_partner_views.xml 
2025-02-07 17:05:08,410 1 INFO None odoo.modules.loading: Module base_setup loaded in 0.13s, 139 queries (+139 other) 
2025-02-07 17:05:08,411 1 INFO None odoo.modules.loading: Loading module bus (7/11) 
2025-02-07 17:05:08,460 1 INFO None odoo.modules.registry: module bus: creating or updating database tables 
2025-02-07 17:05:08,599 1 INFO None odoo.modules.loading: loading bus/security/ir.model.access.csv 
2025-02-07 17:05:08,629 1 INFO None odoo.modules.loading: Module bus loaded in 0.22s, 116 queries (+116 other) 
2025-02-07 17:05:08,629 1 INFO None odoo.modules.loading: Loading module web_tour (8/11) 
2025-02-07 17:05:08,651 1 INFO None odoo.modules.registry: module web_tour: creating or updating database tables 
2025-02-07 17:05:08,696 1 INFO None odoo.modules.loading: loading web_tour/security/ir.model.access.csv 
2025-02-07 17:05:08,719 1 INFO None odoo.modules.loading: loading web_tour/security/ir.rule.csv 
2025-02-07 17:05:08,745 1 INFO None odoo.modules.loading: loading web_tour/views/tour_views.xml 
2025-02-07 17:05:08,780 1 INFO None odoo.modules.loading: Module web_tour loaded in 0.15s, 104 queries (+104 other) 
2025-02-07 17:05:08,781 1 INFO None odoo.modules.loading: Loading module iap (9/11) 
2025-02-07 17:05:08,804 1 INFO None odoo.modules.registry: module iap: creating or updating database tables 
2025-02-07 17:05:08,951 1 INFO None odoo.modules.loading: loading iap/security/ir.model.access.csv 
2025-02-07 17:05:08,965 1 INFO None odoo.modules.loading: loading iap/security/ir_rule.xml 
2025-02-07 17:05:08,976 1 INFO None odoo.modules.loading: loading iap/views/iap_views.xml 
2025-02-07 17:05:08,999 1 INFO None odoo.modules.loading: loading iap/views/res_config_settings.xml 
2025-02-07 17:05:09,037 1 INFO None odoo.modules.loading: Module iap loaded in 0.26s, 151 queries (+151 other) 
2025-02-07 17:05:09,038 1 INFO None odoo.modules.loading: Loading module web_editor (10/11) 
2025-02-07 17:05:09,113 1 INFO None odoo.modules.registry: module web_editor: creating or updating database tables 
2025-02-07 17:05:09,834 1 INFO None odoo.modules.loading: loading web_editor/security/ir.model.access.csv 
2025-02-07 17:05:09,862 1 INFO None odoo.modules.loading: loading web_editor/data/editor_assets.xml 
2025-02-07 17:05:09,870 1 INFO None odoo.modules.loading: loading web_editor/views/editor.xml 
2025-02-07 17:05:09,889 1 INFO None odoo.modules.loading: loading web_editor/views/snippets.xml 
2025-02-07 17:05:09,939 1 INFO None odoo.modules.loading: Module web_editor loaded in 0.90s, 907 queries (+907 other) 
2025-02-07 17:05:09,940 1 INFO None odoo.modules.loading: Loading module web_unsplash (11/11) 
2025-02-07 17:05:09,963 1 INFO None odoo.modules.registry: module web_unsplash: creating or updating database tables 
2025-02-07 17:05:10,003 1 INFO None odoo.modules.loading: loading web_unsplash/views/res_config_settings_view.xml 
2025-02-07 17:05:10,034 1 INFO None odoo.modules.loading: Module web_unsplash loaded in 0.09s, 95 queries (+95 other) 
2025-02-07 17:05:10,035 1 INFO None odoo.modules.loading: 11 modules loaded in 3.66s, 3635 queries (+3635 extra) 
2025-02-07 17:05:10,260 1 INFO None odoo.modules.loading: Modules loaded. 
2025-02-07 17:05:10,263 1 INFO None odoo.modules.registry: Registry loaded in 14.769s 
2025-02-07 17:05:11,201 1 INFO None odoo.addons.base.models.res_users: Login successful for db:task login:eddm2417@gmail.com from 172.19.0.1 
2025-02-07 17:05:11,225 1 INFO None werkzeug: 172.19.0.1 - - [07/Feb/2025 17:05:11] "POST /web/database/create HTTP/1.1" 303 - 17618 11.964 6.821
2025-02-07 17:05:11,240 1 INFO task odoo.addons.base.models.ir_http: Generating routing map for key None 
2025-02-07 17:05:11,282 1 INFO task werkzeug: 172.19.0.1 - - [07/Feb/2025 17:05:11] "GET /web HTTP/1.1" 303 - 9 0.006 0.045
2025-02-07 17:05:11,490 1 INFO task werkzeug: 172.19.0.1 - - [07/Feb/2025 17:05:11] "GET /web/login HTTP/1.1" 200 - 54 0.020 0.184
2025-02-07 17:05:11,623 1 INFO task werkzeug: 172.19.0.1 - - [07/Feb/2025 17:05:11] "GET /web/binary/company_logo HTTP/1.1" 200 - 5 0.022 0.095
2025-02-07 17:05:11,632 1 INFO task odoo.addons.base.models.assetsbundle: Generating a new asset bundle attachment /web/assets/5ec42d9/web.assets_frontend_minimal.min.js (id:14) 
2025-02-07 17:05:11,650 1 INFO task werkzeug: 172.19.0.1 - - [07/Feb/2025 17:05:11] "GET /web/assets/5ec42d9/web.assets_frontend_minimal.min.js HTTP/1.1" 200 - 15 0.014 0.129
2025-02-07 17:05:12,382 1 INFO task odoo.addons.base.models.assetsbundle: Generating a new asset bundle attachment /web/assets/572a1b2/web.assets_frontend.min.css (id:15) 
2025-02-07 17:05:12,399 1 INFO task werkzeug: 172.19.0.1 - - [07/Feb/2025 17:05:12] "GET /web/assets/572a1b2/web.assets_frontend.min.css HTTP/1.1" 200 - 12 0.055 0.839
2025-02-07 17:05:12,969 1 INFO task odoo.addons.base.models.assetsbundle: Generating a new asset bundle attachment /web/assets/6bfffcf/web.assets_frontend_lazy.min.js (id:16) 
2025-02-07 17:05:13,144 1 INFO task werkzeug: 172.19.0.1 - - [07/Feb/2025 17:05:13] "GET /web/assets/6bfffcf/web.assets_frontend_lazy.min.js HTTP/1.1" 200 - 12 0.006 0.665
2025-02-07 17:05:13,283 1 INFO task werkzeug: 172.19.0.1 - - [07/Feb/2025 17:05:13] "GET /web/webclient/translations/1738947913241 HTTP/1.1" 200 - 7 0.002 0.048
2025-02-07 17:05:20,267 1 INFO task odoo.addons.base.models.res_users: Login successful for db:task login:eddm2417@gmail.com from 172.19.0.1 
2025-02-07 17:05:20,303 1 INFO task odoo.modules.registry: Caches invalidated, signaling through the database: ['default'] 
2025-02-07 17:05:20,304 1 INFO task werkzeug: 172.19.0.1 - - [07/Feb/2025 17:05:20] "POST /web/login HTTP/1.1" 303 - 42 0.059 0.522
2025-02-07 17:05:20,455 1 INFO task werkzeug: 172.19.0.1 - - [07/Feb/2025 17:05:20] "GET /web HTTP/1.1" 200 - 73 0.032 0.115
2025-02-07 17:05:20,488 1 INFO task werkzeug: 172.19.0.1 - - [07/Feb/2025 17:05:20] "GET /web/webclient/load_menus/172bef6a7af96680ac3a6d836ca7e789cae2e213afe9556bbb3468597f3484c3 HTTP/1.1" 200 - 2 0.002 0.009
2025-02-07 17:05:20,498 1 INFO task werkzeug: 172.19.0.1 - - [07/Feb/2025 17:05:20] "GET /web/webclient/translations/c097a4426362f8e75854b784c5418b565eb85939?lang=en_US HTTP/1.1" 200 - 3 0.010 0.010
2025-02-07 17:05:21,707 1 INFO task odoo.addons.base.models.assetsbundle: Generating a new asset bundle attachment /web/assets/99164c1/web.assets_web.min.css (id:17) 
2025-02-07 17:05:21,790 1 INFO task werkzeug: 172.19.0.1 - - [07/Feb/2025 17:05:21] "GET /web/assets/99164c1/web.assets_web.min.css HTTP/1.1" 200 - 15 0.052 1.263
2025-02-07 17:05:22,640 1 INFO task odoo.addons.base.models.assetsbundle: Generating a new asset bundle attachment /web/assets/f0c3177/web.assets_web.min.js (id:18) 
2025-02-07 17:05:22,885 1 INFO task werkzeug: 172.19.0.1 - - [07/Feb/2025 17:05:22] "GET /web/assets/f0c3177/web.assets_web.min.js HTTP/1.1" 200 - 11 0.013 2.396
2025-02-07 17:05:23,076 1 INFO task werkzeug: 172.19.0.1 - - [07/Feb/2025 17:05:23] "GET /web/service-worker.js HTTP/1.1" 200 - 1 0.000 0.008
2025-02-07 17:05:23,105 1 INFO task odoo.addons.base.models.assetsbundle: Generating a new asset bundle attachment /web/assets/ba037c6/bus.websocket_worker_assets.min.js (id:19) 
2025-02-07 17:05:23,111 1 INFO ? werkzeug: 172.19.0.1 - - [07/Feb/2025 17:05:23] "GET /web/static/lib/odoo_ui_icons/fonts/odoo_ui_icons.woff2 HTTP/1.1" 200 - 0 0.000 0.014
2025-02-07 17:05:23,155 1 INFO task werkzeug: 172.19.0.1 - - [07/Feb/2025 17:05:23] "GET /web/manifest.webmanifest HTTP/1.1" 200 - 7 0.029 0.029
2025-02-07 17:05:23,156 1 INFO task werkzeug: 172.19.0.1 - - [07/Feb/2025 17:05:23] "GET /web/image?model=res.users&field=avatar_128&id=2 HTTP/1.1" 200 - 15 0.025 0.037
2025-02-07 17:05:23,156 1 INFO task werkzeug: 172.19.0.1 - - [07/Feb/2025 17:05:23] "GET /bus/websocket_worker_bundle?v=17.0-1 HTTP/1.1" 200 - 8 0.007 0.095
2025-02-07 17:05:23,156 1 INFO task werkzeug: 172.19.0.1 - - [07/Feb/2025 17:05:23] "POST /web/action/load HTTP/1.1" 200 - 9 0.040 0.023
2025-02-07 17:05:23,171 1 INFO ? werkzeug: 172.19.0.1 - - [07/Feb/2025 17:05:23] "GET /web/static/img/odoo-icon-192x192.png HTTP/1.1" 200 - 0 0.000 0.008
2025-02-07 17:05:23,176 1 INFO task werkzeug: 172.19.0.1 - - [07/Feb/2025 17:05:23] "GET /web/offline HTTP/1.1" 200 - 6 0.007 0.057
2025-02-07 17:05:23,196 1 INFO task werkzeug: 172.19.0.1 - - [07/Feb/2025 17:05:23] "GET /websocket?version=17.0-1 HTTP/1.1" 101 - 1 0.001 0.016
2025-02-07 17:05:23,251 1 INFO task werkzeug: 172.19.0.1 - - [07/Feb/2025 17:05:23] "POST /web/dataset/call_kw/ir.module.module/get_views HTTP/1.1" 200 - 48 0.031 0.031
2025-02-07 17:05:23,271 1 INFO task werkzeug: 172.19.0.1 - - [07/Feb/2025 17:05:23] "POST /web/dataset/call_kw/ir.module.module/search_panel_select_range HTTP/1.1" 200 - 1 0.002 0.007
2025-02-07 17:05:23,298 1 INFO task werkzeug: 172.19.0.1 - - [07/Feb/2025 17:05:23] "POST /web/dataset/call_kw/ir.module.module/search_panel_select_range HTTP/1.1" 200 - 39 0.017 0.018
2025-02-07 17:05:23,435 1 INFO task werkzeug: 172.19.0.1 - - [07/Feb/2025 17:05:23] "POST /web/dataset/call_kw/ir.module.module/web_search_read HTTP/1.1" 200 - 4 0.005 0.162
2025-02-07 17:05:23,508 1 INFO ? odoo.addons.bus.models.bus: Bus.loop listen imbus on db postgres 
2025-02-07 17:05:23,604 1 INFO ? werkzeug: 172.19.0.1 - - [07/Feb/2025 17:05:23] "GET /pos_restaurant/static/description/icon.png HTTP/1.1" 200 - 0 0.000 0.014
2025-02-07 17:05:23,606 1 INFO ? werkzeug: 172.19.0.1 - - [07/Feb/2025 17:05:23] "GET /website/static/description/icon.png HTTP/1.1" 200 - 0 0.000 0.013
2025-02-07 17:05:23,608 1 INFO ? werkzeug: 172.19.0.1 - - [07/Feb/2025 17:05:23] "GET /account/static/description/icon.png HTTP/1.1" 200 - 0 0.000 0.018
2025-02-07 17:05:23,609 1 INFO ? werkzeug: 172.19.0.1 - - [07/Feb/2025 17:05:23] "GET /base/static/img/icons/mrp_workorder.png HTTP/1.1" 200 - 0 0.000 0.018
2025-02-07 17:05:23,610 1 INFO ? werkzeug: 172.19.0.1 - - [07/Feb/2025 17:05:23] "GET /sale_management/static/description/icon.png HTTP/1.1" 200 - 0 0.000 0.022
2025-02-07 17:05:23,611 1 INFO ? werkzeug: 172.19.0.1 - - [07/Feb/2025 17:05:23] "GET /crm/static/description/icon.png HTTP/1.1" 200 - 0 0.000 0.022
2025-02-07 17:05:23,630 1 INFO ? werkzeug: 172.19.0.1 - - [07/Feb/2025 17:05:23] "GET /mrp/static/description/icon.png HTTP/1.1" 200 - 0 0.000 0.011
2025-02-07 17:05:23,632 1 INFO ? werkzeug: 172.19.0.1 - - [07/Feb/2025 17:05:23] "GET /hr_expense/static/description/icon.png HTTP/1.1" 200 - 0 0.000 0.016
2025-02-07 17:05:23,633 1 INFO ? werkzeug: 172.19.0.1 - - [07/Feb/2025 17:05:23] "GET /stock/static/description/icon.png HTTP/1.1" 200 - 0 0.000 0.010
2025-02-07 17:05:23,634 1 INFO ? werkzeug: 172.19.0.1 - - [07/Feb/2025 17:05:23] "GET /point_of_sale/static/description/icon.png HTTP/1.1" 200 - 0 0.000 0.017
2025-02-07 17:05:23,636 1 INFO ? werkzeug: 172.19.0.1 - - [07/Feb/2025 17:05:23] "GET /base/static/img/icons/timesheet_grid.png HTTP/1.1" 200 - 0 0.000 0.009
2025-02-07 17:05:23,639 1 INFO ? werkzeug: 172.19.0.1 - - [07/Feb/2025 17:05:23] "GET /website_sale/static/description/icon.png HTTP/1.1" 200 - 0 0.000 0.015
2025-02-07 17:05:23,652 1 INFO ? werkzeug: 172.19.0.1 - - [07/Feb/2025 17:05:23] "GET /base/static/img/icons/account_accountant.png HTTP/1.1" 200 - 0 0.000 0.009
2025-02-07 17:05:23,654 1 INFO ? werkzeug: 172.19.0.1 - - [07/Feb/2025 17:05:23] "GET /project/static/description/icon.png HTTP/1.1" 200 - 0 0.000 0.009
2025-02-07 17:05:23,656 1 INFO ? werkzeug: 172.19.0.1 - - [07/Feb/2025 17:05:23] "GET /base/static/img/icons/knowledge.png HTTP/1.1" 200 - 0 0.000 0.010
2025-02-07 17:05:23,657 1 INFO ? werkzeug: 172.19.0.1 - - [07/Feb/2025 17:05:23] "GET /mass_mailing/static/description/icon.png HTTP/1.1" 200 - 0 0.000 0.015
2025-02-07 17:05:23,657 1 INFO ? werkzeug: 172.19.0.1 - - [07/Feb/2025 17:05:23] "GET /purchase/static/description/icon.png HTTP/1.1" 200 - 0 0.000 0.014
2025-02-07 17:05:23,665 1 INFO ? werkzeug: 172.19.0.1 - - [07/Feb/2025 17:05:23] "GET /base/static/img/icons/web_studio.png HTTP/1.1" 200 - 0 0.000 0.012
2025-02-07 17:05:23,674 1 INFO ? werkzeug: 172.19.0.1 - - [07/Feb/2025 17:05:23] "GET /hr_recruitment/static/description/icon.png HTTP/1.1" 200 - 0 0.000 0.011
2025-02-07 17:05:23,677 1 INFO ? werkzeug: 172.19.0.1 - - [07/Feb/2025 17:05:23] "GET /hr_holidays/static/description/icon.png HTTP/1.1" 200 - 0 0.000 0.017
2025-02-07 17:05:23,679 1 INFO ? werkzeug: 172.19.0.1 - - [07/Feb/2025 17:05:23] "GET /hr/static/description/icon.png HTTP/1.1" 200 - 0 0.000 0.014
2025-02-07 17:05:23,681 1 INFO ? werkzeug: 172.19.0.1 - - [07/Feb/2025 17:05:23] "GET /base/static/img/icons/industry_fsm.png HTTP/1.1" 200 - 0 0.000 0.017
2025-02-07 17:05:23,683 1 INFO ? werkzeug: 172.19.0.1 - - [07/Feb/2025 17:05:23] "GET /data_recycle/static/description/icon.png HTTP/1.1" 200 - 0 0.000 0.014
2025-02-07 17:05:23,687 1 INFO ? werkzeug: 172.19.0.1 - - [07/Feb/2025 17:05:23] "GET /maintenance/static/description/icon.png HTTP/1.1" 200 - 0 0.000 0.010
2025-02-07 17:05:23,691 1 INFO ? werkzeug: 172.19.0.1 - - [07/Feb/2025 17:05:23] "GET /base/static/img/icons/sign.png HTTP/1.1" 200 - 0 0.000 0.008
2025-02-07 17:05:23,709 1 INFO ? werkzeug: 172.19.0.1 - - [07/Feb/2025 17:05:23] "GET /base/static/img/icons/helpdesk.png HTTP/1.1" 200 - 0 0.000 0.017
2025-02-07 17:05:23,711 1 INFO ? werkzeug: 172.19.0.1 - - [07/Feb/2025 17:05:23] "GET /base/static/img/icons/quality_control.png HTTP/1.1" 200 - 0 0.000 0.011
2025-02-07 17:05:23,713 1 INFO ? werkzeug: 172.19.0.1 - - [07/Feb/2025 17:05:23] "GET /base/static/img/icons/sale_subscription.png HTTP/1.1" 200 - 0 0.000 0.016
2025-02-07 17:05:23,713 1 INFO ? werkzeug: 172.19.0.1 - - [07/Feb/2025 17:05:23] "GET /website_slides/static/description/icon.png HTTP/1.1" 200 - 0 0.000 0.012
2025-02-07 17:05:23,718 1 INFO ? werkzeug: 172.19.0.1 - - [07/Feb/2025 17:05:23] "GET /website_event/static/description/icon.png HTTP/1.1" 200 - 0 0.000 0.011
2025-02-07 17:05:23,718 1 INFO ? werkzeug: 172.19.0.1 - - [07/Feb/2025 17:05:23] "GET /base/static/img/icons/planning.png HTTP/1.1" 200 - 0 0.000 0.014
2025-02-07 17:05:23,730 1 INFO ? werkzeug: 172.19.0.1 - - [07/Feb/2025 17:05:23] "GET /contacts/static/description/icon.png HTTP/1.1" 200 - 0 0.000 0.009
2025-02-07 17:05:23,739 1 INFO ? werkzeug: 172.19.0.1 - - [07/Feb/2025 17:05:23] "GET /mail/static/description/icon.png HTTP/1.1" 200 - 0 0.000 0.020
2025-02-07 17:05:23,740 1 INFO ? werkzeug: 172.19.0.1 - - [07/Feb/2025 17:05:23] "GET /base/static/img/icons/mrp_plm.png HTTP/1.1" 200 - 0 0.000 0.016
2025-02-07 17:05:23,741 1 INFO ? werkzeug: 172.19.0.1 - - [07/Feb/2025 17:05:23] "GET /calendar/static/description/icon.png HTTP/1.1" 200 - 0 0.000 0.011
2025-02-07 17:05:23,745 1 INFO ? werkzeug: 172.19.0.1 - - [07/Feb/2025 17:05:23] "GET /base/static/img/icons/social.png HTTP/1.1" 200 - 0 0.000 0.013
2025-02-07 17:05:23,748 1 INFO ? werkzeug: 172.19.0.1 - - [07/Feb/2025 17:05:23] "GET /base/static/img/icons/hr_appraisal.png HTTP/1.1" 200 - 0 0.000 0.016
2025-02-07 17:05:23,757 1 INFO ? werkzeug: 172.19.0.1 - - [07/Feb/2025 17:05:23] "GET /fleet/static/description/icon.png HTTP/1.1" 200 - 0 0.000 0.015
2025-02-07 17:05:23,767 1 INFO ? werkzeug: 172.19.0.1 - - [07/Feb/2025 17:05:23] "GET /base/static/img/icons/marketing_automation.png HTTP/1.1" 200 - 0 0.000 0.019
2025-02-07 17:05:23,767 1 INFO ? werkzeug: 172.19.0.1 - - [07/Feb/2025 17:05:23] "GET /im_livechat/static/description/icon.png HTTP/1.1" 200 - 0 0.000 0.013
2025-02-07 17:05:23,773 1 INFO ? werkzeug: 172.19.0.1 - - [07/Feb/2025 17:05:23] "GET /base/static/img/icons/appointment.png HTTP/1.1" 200 - 0 0.000 0.014
2025-02-07 17:05:23,773 1 INFO ? werkzeug: 172.19.0.1 - - [07/Feb/2025 17:05:23] "GET /survey/static/description/icon.png HTTP/1.1" 200 - 0 0.000 0.012
2025-02-07 17:05:23,775 1 INFO ? werkzeug: 172.19.0.1 - - [07/Feb/2025 17:05:23] "GET /base/static/img/icons/web_mobile.png HTTP/1.1" 200 - 0 0.000 0.012
2025-02-07 17:05:23,781 1 INFO ? werkzeug: 172.19.0.1 - - [07/Feb/2025 17:05:23] "GET /repair/static/description/icon.png HTTP/1.1" 200 - 0 0.000 0.013
2025-02-07 17:05:23,793 1 INFO ? werkzeug: 172.19.0.1 - - [07/Feb/2025 17:05:23] "GET /hr_attendance/static/description/icon.png HTTP/1.1" 200 - 0 0.000 0.016
2025-02-07 17:05:23,795 1 INFO ? werkzeug: 172.19.0.1 - - [07/Feb/2025 17:05:23] "GET /base/static/img/icons/stock_barcode.png HTTP/1.1" 200 - 0 0.000 0.012
2025-02-07 17:05:23,795 1 INFO ? werkzeug: 172.19.0.1 - - [07/Feb/2025 17:05:23] "GET /project_todo/static/description/icon.png HTTP/1.1" 200 - 0 0.000 0.011
2025-02-07 17:05:23,795 1 INFO ? werkzeug: 172.19.0.1 - - [07/Feb/2025 17:05:23] "GET /mass_mailing_sms/static/description/icon.png HTTP/1.1" 200 - 0 0.000 0.016
2025-02-07 17:05:23,798 1 INFO ? werkzeug: 172.19.0.1 - - [07/Feb/2025 17:05:23] "GET /hr_skills/static/description/icon.png HTTP/1.1" 200 - 0 0.000 0.010
2025-02-07 17:05:23,803 1 INFO ? werkzeug: 172.19.0.1 - - [07/Feb/2025 17:05:23] "GET /base/static/img/icons/voip.png HTTP/1.1" 200 - 0 0.000 0.013
2025-02-07 17:05:23,811 1 INFO ? werkzeug: 172.19.0.1 - - [07/Feb/2025 17:05:23] "GET /lunch/static/description/icon.png HTTP/1.1" 200 - 0 0.000 0.011
2025-02-07 17:05:23,811 1 INFO ? werkzeug: 172.19.0.1 - - [07/Feb/2025 17:05:23] "GET /website_hr_recruitment/static/description/icon.png HTTP/1.1" 200 - 0 0.000 0.006
2025-02-07 17:05:23,815 1 INFO ? werkzeug: 172.19.0.1 - - [07/Feb/2025 17:05:23] "GET /base/static/img/icons/sale_amazon.png HTTP/1.1" 200 - 0 0.000 0.006
2025-02-07 17:05:23,822 1 INFO ? werkzeug: 172.19.0.1 - - [07/Feb/2025 17:05:23] "GET /base/static/img/icons/sale_ebay.png HTTP/1.1" 200 - 0 0.000 0.008
2025-02-07 17:05:28,080 1 INFO task werkzeug: 172.19.0.1 - - [07/Feb/2025 17:05:28] "POST /web/dataset/call_kw/ir.module.module/search_panel_select_range HTTP/1.1" 200 - 36 0.020 0.019
2025-02-07 17:05:28,093 1 INFO task werkzeug: 172.19.0.1 - - [07/Feb/2025 17:05:28] "POST /web/dataset/call_kw/ir.module.module/web_search_read HTTP/1.1" 200 - 4 0.005 0.046
2025-02-07 17:05:40,696 1 INFO task odoo.addons.base.models.ir_cron: Starting job `Base: Auto-vacuum internal data`. 
2025-02-07 17:05:40,816 1 INFO task odoo.addons.base.models.ir_attachment: filestore gc 16 checked, 0 removed 
2025-02-07 17:05:40,878 1 INFO task odoo.addons.base.models.res_users: GC'd 1 user log entries 
2025-02-07 17:05:40,927 1 INFO task odoo.addons.auth_totp.models.auth_totp: GC'd 0 totp devices entries 
2025-02-07 17:05:40,970 1 INFO task odoo.addons.base.models.ir_cron: Job done: `Base: Auto-vacuum internal data` (0.273s). 
2025-02-07 17:05:40,977 1 INFO task odoo.addons.base.models.ir_cron: Starting job `Base: Portal Users Deletion`. 
2025-02-07 17:05:40,981 1 INFO task odoo.addons.base.models.ir_cron: Job done: `Base: Portal Users Deletion` (0.004s). 
2025-02-07 17:05:50,107 1 INFO ? odoo.service.server: Initiating shutdown 
2025-02-07 17:05:50,108 1 INFO ? odoo.service.server: Hit CTRL-C again or send a second signal to force the shutdown. 
2025-02-07 17:05:50,114 1 ERROR ? odoo.addons.bus.models.bus: Bus.loop error, sleep and retry 
Traceback (most recent call last):
  File "/usr/lib/python3/dist-packages/odoo/addons/bus/models/bus.py", line 254, in run
    self.loop()
  File "/usr/lib/python3/dist-packages/odoo/addons/bus/models/bus.py", line 239, in loop
    conn.poll()
psycopg2.OperationalError: server closed the connection unexpectedly
	This probably means the server terminated abnormally
	before or while processing the request.

2025-02-07 17:05:50,182 1 INFO task odoo.sql_db: Connection to the database failed 
2025-02-07 17:05:50,183 1 WARNING task odoo.addons.base.models.ir_cron: Exception in cron: 
Traceback (most recent call last):
  File "/usr/lib/python3/dist-packages/odoo/addons/base/models/ir_cron.py", line 119, in _process_jobs
    with db.cursor() as cron_cr:
  File "/usr/lib/python3/dist-packages/odoo/sql_db.py", line 753, in cursor
    return Cursor(self.__pool, self.__dbname, self.__dsn)
  File "/usr/lib/python3/dist-packages/odoo/sql_db.py", line 267, in __init__
    self._cnx = pool.borrow(dsn)
  File "<decorator-gen-13>", line 2, in borrow
  File "/usr/lib/python3/dist-packages/odoo/tools/func.py", line 87, in locked
    return func(inst, *args, **kwargs)
  File "/usr/lib/python3/dist-packages/odoo/sql_db.py", line 682, in borrow
    result = psycopg2.connect(
  File "/usr/lib/python3/dist-packages/psycopg2/__init__.py", line 122, in connect
    conn = _connect(dsn, connection_factory=connection_factory, **kwasync)
psycopg2.OperationalError: connection to server at "db" (172.19.0.2), port 5432 failed: FATAL:  the database system is shutting down

2025-02-07 17:05:50,185 1 INFO task odoo.sql_db: Connection to the database failed 
2025-02-07 17:05:50,187 1 WARNING task odoo.addons.base.models.ir_cron: Exception in cron: 
Traceback (most recent call last):
  File "/usr/lib/python3/dist-packages/odoo/addons/base/models/ir_cron.py", line 119, in _process_jobs
    with db.cursor() as cron_cr:
  File "/usr/lib/python3/dist-packages/odoo/sql_db.py", line 753, in cursor
    return Cursor(self.__pool, self.__dbname, self.__dsn)
  File "/usr/lib/python3/dist-packages/odoo/sql_db.py", line 267, in __init__
    self._cnx = pool.borrow(dsn)
  File "<decorator-gen-13>", line 2, in borrow
  File "/usr/lib/python3/dist-packages/odoo/tools/func.py", line 87, in locked
    return func(inst, *args, **kwargs)
  File "/usr/lib/python3/dist-packages/odoo/sql_db.py", line 682, in borrow
    result = psycopg2.connect(
  File "/usr/lib/python3/dist-packages/psycopg2/__init__.py", line 122, in connect
    conn = _connect(dsn, connection_factory=connection_factory, **kwasync)
psycopg2.OperationalError: connection to server at "db" (172.19.0.2), port 5432 failed: FATAL:  the database system is shutting down

2025-02-07 17:05:50,576 1 INFO task odoo.sql_db: Connection to the database failed 
2025-02-07 17:05:50,578 1 INFO task odoo.sql_db: Connection to the database failed 
2025-02-07 17:05:50,625 1 ERROR task werkzeug: Error on request:
Traceback (most recent call last):
  File "/usr/lib/python3/dist-packages/odoo/addons/bus/websocket.py", line 317, in get_messages
    message = self._process_next_message()
  File "/usr/lib/python3/dist-packages/odoo/addons/bus/websocket.py", line 463, in _process_next_message
    self._handle_control_frame(frame)
  File "/usr/lib/python3/dist-packages/odoo/addons/bus/websocket.py", line 601, in _handle_control_frame
    self._terminate()
  File "/usr/lib/python3/dist-packages/odoo/addons/bus/websocket.py", line 582, in _terminate
    with acquire_cursor(self._db) as cr:
  File "/usr/lib/python3/dist-packages/odoo/addons/bus/websocket.py", line 46, in acquire_cursor
    return odoo.registry(db).cursor()
  File "/usr/lib/python3/dist-packages/odoo/modules/registry.py", line 946, in cursor
    return self._db.cursor()
  File "/usr/lib/python3/dist-packages/odoo/sql_db.py", line 753, in cursor
    return Cursor(self.__pool, self.__dbname, self.__dsn)
  File "/usr/lib/python3/dist-packages/odoo/sql_db.py", line 267, in __init__
    self._cnx = pool.borrow(dsn)
  File "<decorator-gen-13>", line 2, in borrow
    
  File "/usr/lib/python3/dist-packages/odoo/tools/func.py", line 87, in locked
    return func(inst, *args, **kwargs)
  File "/usr/lib/python3/dist-packages/odoo/sql_db.py", line 682, in borrow
    result = psycopg2.connect(
  File "/usr/lib/python3/dist-packages/psycopg2/__init__.py", line 122, in connect
    conn = _connect(dsn, connection_factory=connection_factory, **kwasync)
psycopg2.OperationalError: connection to server at "db" (172.19.0.2), port 5432 failed: FATAL:  the database system is shutting down

During handling of the above exception, another exception occurred:

Traceback (most recent call last):
  File "/usr/lib/python3/dist-packages/werkzeug/serving.py", line 319, in run_wsgi
    execute(self.server.app)
  File "/usr/lib/python3/dist-packages/werkzeug/serving.py", line 316, in execute
    application_iter.close()  # type: ignore
  File "/usr/lib/python3/dist-packages/werkzeug/wsgi.py", line 466, in close
    callback()
  File "/usr/lib/python3/dist-packages/werkzeug/wrappers/response.py", line 439, in close
    func()
  File "/usr/lib/python3/dist-packages/odoo/addons/bus/websocket.py", line 906, in <lambda>
    response.call_on_close(lambda: cls._serve_forever(
  File "/usr/lib/python3/dist-packages/odoo/addons/bus/websocket.py", line 1012, in _serve_forever
    for message in websocket.get_messages():
  File "/usr/lib/python3/dist-packages/odoo/addons/bus/websocket.py", line 321, in get_messages
    self._handle_transport_error(exc)
  File "/usr/lib/python3/dist-packages/odoo/addons/bus/websocket.py", line 626, in _handle_transport_error
    registry = registry.check_signaling()
  File "/usr/lib/python3/dist-packages/odoo/modules/registry.py", line 837, in check_signaling
    with closing(self.cursor()) as cr:
  File "/usr/lib/python3/dist-packages/odoo/modules/registry.py", line 946, in cursor
    return self._db.cursor()
  File "/usr/lib/python3/dist-packages/odoo/sql_db.py", line 753, in cursor
    return Cursor(self.__pool, self.__dbname, self.__dsn)
  File "/usr/lib/python3/dist-packages/odoo/sql_db.py", line 267, in __init__
    self._cnx = pool.borrow(dsn)
  File "<decorator-gen-13>", line 2, in borrow
    
  File "/usr/lib/python3/dist-packages/odoo/tools/func.py", line 87, in locked
    return func(inst, *args, **kwargs)
  File "/usr/lib/python3/dist-packages/odoo/sql_db.py", line 682, in borrow
    result = psycopg2.connect(
  File "/usr/lib/python3/dist-packages/psycopg2/__init__.py", line 122, in connect
    conn = _connect(dsn, connection_factory=connection_factory, **kwasync)
psycopg2.OperationalError: connection to server at "db" (172.19.0.2), port 5432 failed: FATAL:  the database system is shutting down - - -
2025-02-07 17:05:50,673 1 INFO ? odoo.sql_db: ConnectionPool(used=0/count=0/max=64): Closed 0 connections  
2025-02-07 17:05:56,759 1 INFO ? odoo: Odoo version 17.0-20250106 
2025-02-07 17:05:56,760 1 INFO ? odoo: Using configuration file at /etc/odoo/odoo.conf 
2025-02-07 17:05:56,760 1 INFO ? odoo: addons paths: ['/usr/lib/python3/dist-packages/odoo/addons', '/etc/odoo/addons/17.0', '/mnt/extra-addons'] 
2025-02-07 17:05:56,761 1 INFO ? odoo: database: odoo@db:5432 
2025-02-07 17:05:56,871 1 INFO ? odoo.addons.base.models.ir_actions_report: Will use the Wkhtmltopdf binary at /usr/local/bin/wkhtmltopdf 
2025-02-07 17:05:57,113 1 INFO ? odoo.service.server: HTTP service (werkzeug) running on bc884fb48eeb:8069 
2025-02-07 17:06:02,571 1 INFO ? odoo.modules.loading: loading 1 modules... 
2025-02-07 17:06:02,577 1 INFO ? odoo.modules.loading: 1 modules loaded in 0.01s, 0 queries (+0 extra) 
2025-02-07 17:06:02,604 1 INFO ? odoo.modules.loading: loading 11 modules... 
2025-02-07 17:06:02,661 1 INFO ? odoo.modules.loading: 11 modules loaded in 0.06s, 0 queries (+0 extra) 
2025-02-07 17:06:02,719 1 INFO ? odoo.modules.loading: Modules loaded. 
2025-02-07 17:06:02,730 1 INFO ? odoo.modules.registry: Registry loaded in 0.267s 
2025-02-07 17:06:02,732 1 INFO task odoo.addons.base.models.ir_http: Generating routing map for key None 
2025-02-07 17:06:02,796 1 INFO task werkzeug: 172.19.0.1 - - [07/Feb/2025 17:06:02] "GET /websocket?version=17.0-1 HTTP/1.1" 101 - 22 0.126 0.211
2025-02-07 17:06:03,120 1 INFO ? odoo.addons.bus.models.bus: Bus.loop listen imbus on db postgres 
2025-02-07 17:06:12,417 1 INFO task werkzeug: 172.19.0.1 - - [07/Feb/2025 17:06:12] "GET / HTTP/1.1" 303 - 6 0.039 0.052
2025-02-07 17:06:12,468 1 INFO task werkzeug: 172.19.0.1 - - [07/Feb/2025 17:06:12] "GET /web HTTP/1.1" 303 - 5 0.008 0.033
2025-02-07 17:06:12,698 1 INFO task werkzeug: 172.19.0.1 - - [07/Feb/2025 17:06:12] "GET /web/login HTTP/1.1" 200 - 55 0.053 0.170
2025-02-07 17:06:14,203 1 WARNING ? odoo.modules.module: Missing `license` key in manifest for 'task_manager', defaulting to LGPL-3 
2025-02-07 17:06:14,203 1 WARNING ? odoo.modules.module: Missing `license` key in manifest for 'task_manager', defaulting to LGPL-3 
2025-02-07 17:06:14,204 1 WARNING ? odoo.modules.module: Missing `license` key in manifest for 'task_manager', defaulting to LGPL-3 
2025-02-07 17:06:14,207 1 INFO ? werkzeug: 172.19.0.1 - - [07/Feb/2025 17:06:14] "GET /web/static/src/libs/fontawesome/fonts/fontawesome-webfont.woff2?v=4.7.0 HTTP/1.1" 200 - 1 0.006 1.478
2025-02-07 17:06:14,261 1 INFO task werkzeug: 172.19.0.1 - - [07/Feb/2025 17:06:14] "GET /web/binary/company_logo HTTP/1.1" 200 - 6 0.017 1.520
2025-02-07 17:06:14,264 1 INFO task werkzeug: 172.19.0.1 - - [07/Feb/2025 17:06:14] "GET /web/assets/572a1b2/web.assets_frontend.min.css HTTP/1.1" 200 - 9 0.032 1.508
2025-02-07 17:06:14,316 1 INFO task werkzeug: 172.19.0.1 - - [07/Feb/2025 17:06:14] "GET /web/assets/5ec42d9/web.assets_frontend_minimal.min.js HTTP/1.1" 200 - 8 0.011 0.039
2025-02-07 17:06:14,406 1 INFO ? werkzeug: 172.19.0.1 - - [07/Feb/2025 17:06:14] "GET /web/static/img/favicon.ico HTTP/1.1" 200 - 1 0.005 0.047
2025-02-07 17:06:14,414 1 INFO task werkzeug: 172.19.0.1 - - [07/Feb/2025 17:06:14] "GET /web/assets/6bfffcf/web.assets_frontend_lazy.min.js HTTP/1.1" 200 - 8 0.008 0.054
2025-02-07 17:06:14,584 1 INFO task werkzeug: 172.19.0.1 - - [07/Feb/2025 17:06:14] "GET /web/webclient/translations/1738947974506 HTTP/1.1" 200 - 8 0.007 0.068
2025-02-07 17:06:30,948 1 INFO task odoo.addons.base.models.res_users: Login successful for db:task login:eddm2417@gmail.com from 172.19.0.1 
2025-02-07 17:06:30,969 1 INFO task werkzeug: 172.19.0.1 - - [07/Feb/2025 17:06:30] "POST /web/login HTTP/1.1" 303 - 31 0.034 0.511
2025-02-07 17:06:31,131 1 INFO task werkzeug: 172.19.0.1 - - [07/Feb/2025 17:06:31] "GET /web HTTP/1.1" 200 - 59 0.061 0.093
2025-02-07 17:06:31,176 1 INFO task werkzeug: 172.19.0.1 - - [07/Feb/2025 17:06:31] "GET /web/assets/99164c1/web.assets_web.min.css HTTP/1.1" 200 - 3 0.004 0.020
2025-02-07 17:06:31,176 1 INFO task werkzeug: 172.19.0.1 - - [07/Feb/2025 17:06:31] "GET /web/assets/f0c3177/web.assets_web.min.js HTTP/1.1" 200 - 3 0.002 0.021
2025-02-07 17:06:31,190 1 INFO task werkzeug: 172.19.0.1 - - [07/Feb/2025 17:06:31] "GET /web/webclient/load_menus/172bef6a7af96680ac3a6d836ca7e789cae2e213afe9556bbb3468597f3484c3 HTTP/1.1" 200 - 1 0.001 0.011
2025-02-07 17:06:31,196 1 INFO task werkzeug: 172.19.0.1 - - [07/Feb/2025 17:06:31] "GET /web/webclient/translations/c097a4426362f8e75854b784c5418b565eb85939?lang=en_US HTTP/1.1" 200 - 2 0.005 0.012
2025-02-07 17:06:31,416 1 INFO task werkzeug: 172.19.0.1 - - [07/Feb/2025 17:06:31] "GET /bus/websocket_worker_bundle?v=17.0-1 HTTP/1.1" 200 - 4 0.002 0.013
2025-02-07 17:06:31,417 1 INFO task werkzeug: 172.19.0.1 - - [07/Feb/2025 17:06:31] "GET /web/service-worker.js HTTP/1.1" 200 - 1 0.001 0.005
2025-02-07 17:06:31,463 1 INFO ? werkzeug: 172.19.0.1 - - [07/Feb/2025 17:06:31] "GET /web/static/lib/odoo_ui_icons/fonts/odoo_ui_icons.woff2 HTTP/1.1" 200 - 0 0.000 0.017
2025-02-07 17:06:31,464 1 INFO task werkzeug: 172.19.0.1 - - [07/Feb/2025 17:06:31] "GET /web/image?model=res.users&field=avatar_128&id=2 HTTP/1.1" 200 - 8 0.008 0.020
2025-02-07 17:06:31,498 1 INFO task werkzeug: 172.19.0.1 - - [07/Feb/2025 17:06:31] "GET /web/offline HTTP/1.1" 200 - 6 0.019 0.027
2025-02-07 17:06:31,505 1 INFO task werkzeug: 172.19.0.1 - - [07/Feb/2025 17:06:31] "POST /web/action/load HTTP/1.1" 200 - 9 0.055 0.014
2025-02-07 17:06:31,506 1 INFO task werkzeug: 172.19.0.1 - - [07/Feb/2025 17:06:31] "GET /websocket?version=17.0-1 HTTP/1.1" 101 - 1 0.001 0.046
2025-02-07 17:06:31,533 1 INFO task werkzeug: 172.19.0.1 - - [07/Feb/2025 17:06:31] "GET /web/manifest.webmanifest HTTP/1.1" 200 - 7 0.004 0.010
2025-02-07 17:06:31,548 1 INFO ? werkzeug: 172.19.0.1 - - [07/Feb/2025 17:06:31] "GET /web/static/img/odoo-icon-192x192.png HTTP/1.1" 200 - 0 0.000 0.007
2025-02-07 17:06:31,618 1 INFO task werkzeug: 172.19.0.1 - - [07/Feb/2025 17:06:31] "POST /web/dataset/call_kw/ir.module.module/get_views HTTP/1.1" 200 - 47 0.028 0.041
2025-02-07 17:06:31,642 1 INFO task werkzeug: 172.19.0.1 - - [07/Feb/2025 17:06:31] "POST /web/dataset/call_kw/ir.module.module/search_panel_select_range HTTP/1.1" 200 - 1 0.001 0.007
2025-02-07 17:06:31,681 1 INFO task werkzeug: 172.19.0.1 - - [07/Feb/2025 17:06:31] "POST /web/dataset/call_kw/ir.module.module/search_panel_select_range HTTP/1.1" 200 - 39 0.024 0.022
2025-02-07 17:06:31,812 1 INFO task werkzeug: 172.19.0.1 - - [07/Feb/2025 17:06:31] "POST /web/dataset/call_kw/ir.module.module/web_search_read HTTP/1.1" 200 - 4 0.006 0.162
2025-02-07 17:06:31,953 1 INFO ? werkzeug: 172.19.0.1 - - [07/Feb/2025 17:06:31] "GET /sale_management/static/description/icon.png HTTP/1.1" 200 - 0 0.000 0.008
2025-02-07 17:06:31,956 1 INFO ? werkzeug: 172.19.0.1 - - [07/Feb/2025 17:06:31] "GET /pos_restaurant/static/description/icon.png HTTP/1.1" 200 - 0 0.000 0.007
2025-02-07 17:06:31,967 1 INFO ? werkzeug: 172.19.0.1 - - [07/Feb/2025 17:06:31] "GET /account/static/description/icon.png HTTP/1.1" 200 - 0 0.000 0.013
2025-02-07 17:06:31,970 1 INFO ? werkzeug: 172.19.0.1 - - [07/Feb/2025 17:06:31] "GET /crm/static/description/icon.png HTTP/1.1" 200 - 0 0.000 0.013
2025-02-07 17:06:31,972 1 INFO ? werkzeug: 172.19.0.1 - - [07/Feb/2025 17:06:31] "GET /base/static/img/icons/mrp_workorder.png HTTP/1.1" 200 - 0 0.000 0.013
2025-02-07 17:06:31,973 1 INFO ? werkzeug: 172.19.0.1 - - [07/Feb/2025 17:06:31] "GET /website/static/description/icon.png HTTP/1.1" 200 - 0 0.000 0.013
2025-02-07 17:06:31,999 1 INFO ? werkzeug: 172.19.0.1 - - [07/Feb/2025 17:06:31] "GET /point_of_sale/static/description/icon.png HTTP/1.1" 200 - 0 0.000 0.017
2025-02-07 17:06:32,000 1 INFO ? werkzeug: 172.19.0.1 - - [07/Feb/2025 17:06:32] "GET /base/static/img/icons/web_studio.png HTTP/1.1" 200 - 0 0.000 0.019
2025-02-07 17:06:32,002 1 INFO ? werkzeug: 172.19.0.1 - - [07/Feb/2025 17:06:32] "GET /stock/static/description/icon.png HTTP/1.1" 200 - 0 0.000 0.016
2025-02-07 17:06:32,007 1 INFO ? werkzeug: 172.19.0.1 - - [07/Feb/2025 17:06:32] "GET /website_sale/static/description/icon.png HTTP/1.1" 200 - 0 0.000 0.013
2025-02-07 17:06:32,009 1 INFO ? werkzeug: 172.19.0.1 - - [07/Feb/2025 17:06:32] "GET /project/static/description/icon.png HTTP/1.1" 200 - 0 0.000 0.014
2025-02-07 17:06:32,011 1 INFO ? werkzeug: 172.19.0.1 - - [07/Feb/2025 17:06:32] "GET /base/static/img/icons/timesheet_grid.png HTTP/1.1" 200 - 0 0.000 0.016
2025-02-07 17:06:32,027 1 INFO ? werkzeug: 172.19.0.1 - - [07/Feb/2025 17:06:32] "GET /purchase/static/description/icon.png HTTP/1.1" 200 - 0 0.000 0.014
2025-02-07 17:06:32,031 1 INFO ? werkzeug: 172.19.0.1 - - [07/Feb/2025 17:06:32] "GET /base/static/img/icons/knowledge.png HTTP/1.1" 200 - 0 0.000 0.019
2025-02-07 17:06:32,034 1 INFO ? werkzeug: 172.19.0.1 - - [07/Feb/2025 17:06:32] "GET /hr_expense/static/description/icon.png HTTP/1.1" 200 - 0 0.000 0.018
2025-02-07 17:06:32,036 1 INFO ? werkzeug: 172.19.0.1 - - [07/Feb/2025 17:06:32] "GET /mass_mailing/static/description/icon.png HTTP/1.1" 200 - 0 0.000 0.014
2025-02-07 17:06:32,042 1 INFO ? werkzeug: 172.19.0.1 - - [07/Feb/2025 17:06:32] "GET /mrp/static/description/icon.png HTTP/1.1" 200 - 0 0.000 0.010
2025-02-07 17:06:32,045 1 INFO ? werkzeug: 172.19.0.1 - - [07/Feb/2025 17:06:32] "GET /base/static/img/icons/account_accountant.png HTTP/1.1" 200 - 0 0.000 0.015
2025-02-07 17:06:32,051 1 INFO ? werkzeug: 172.19.0.1 - - [07/Feb/2025 17:06:32] "GET /hr_holidays/static/description/icon.png HTTP/1.1" 200 - 0 0.000 0.007
2025-02-07 17:06:32,055 1 INFO ? werkzeug: 172.19.0.1 - - [07/Feb/2025 17:06:32] "GET /hr_recruitment/static/description/icon.png HTTP/1.1" 200 - 0 0.000 0.007
2025-02-07 17:06:32,067 1 INFO ? werkzeug: 172.19.0.1 - - [07/Feb/2025 17:06:32] "GET /base/static/img/icons/industry_fsm.png HTTP/1.1" 200 - 0 0.000 0.015
2025-02-07 17:06:32,074 1 INFO ? werkzeug: 172.19.0.1 - - [07/Feb/2025 17:06:32] "GET /hr/static/description/icon.png HTTP/1.1" 200 - 0 0.000 0.012
2025-02-07 17:06:32,077 1 INFO ? werkzeug: 172.19.0.1 - - [07/Feb/2025 17:06:32] "GET /maintenance/static/description/icon.png HTTP/1.1" 200 - 0 0.000 0.013
2025-02-07 17:06:32,079 1 INFO ? werkzeug: 172.19.0.1 - - [07/Feb/2025 17:06:32] "GET /data_recycle/static/description/icon.png HTTP/1.1" 200 - 0 0.000 0.017
2025-02-07 17:06:32,081 1 INFO ? werkzeug: 172.19.0.1 - - [07/Feb/2025 17:06:32] "GET /base/static/img/icons/sign.png HTTP/1.1" 200 - 0 0.000 0.015
2025-02-07 17:06:32,086 1 INFO ? werkzeug: 172.19.0.1 - - [07/Feb/2025 17:06:32] "GET /base/static/img/icons/helpdesk.png HTTP/1.1" 200 - 0 0.000 0.017
2025-02-07 17:06:32,096 1 INFO ? werkzeug: 172.19.0.1 - - [07/Feb/2025 17:06:32] "GET /base/static/img/icons/sale_subscription.png HTTP/1.1" 200 - 0 0.000 0.013
2025-02-07 17:06:32,100 1 INFO ? werkzeug: 172.19.0.1 - - [07/Feb/2025 17:06:32] "GET /base/static/img/icons/quality_control.png HTTP/1.1" 200 - 0 0.000 0.014
2025-02-07 17:06:32,104 1 INFO ? werkzeug: 172.19.0.1 - - [07/Feb/2025 17:06:32] "GET /base/static/img/icons/planning.png HTTP/1.1" 200 - 0 0.000 0.009
2025-02-07 17:06:32,104 1 INFO ? werkzeug: 172.19.0.1 - - [07/Feb/2025 17:06:32] "GET /website_slides/static/description/icon.png HTTP/1.1" 200 - 0 0.000 0.011
2025-02-07 17:06:32,113 1 INFO ? werkzeug: 172.19.0.1 - - [07/Feb/2025 17:06:32] "GET /mail/static/description/icon.png HTTP/1.1" 200 - 0 0.000 0.012
2025-02-07 17:06:32,114 1 INFO ? werkzeug: 172.19.0.1 - - [07/Feb/2025 17:06:32] "GET /website_event/static/description/icon.png HTTP/1.1" 200 - 0 0.000 0.016
2025-02-07 17:06:32,125 1 INFO ? werkzeug: 172.19.0.1 - - [07/Feb/2025 17:06:32] "GET /contacts/static/description/icon.png HTTP/1.1" 200 - 0 0.000 0.017
2025-02-07 17:06:32,129 1 INFO ? werkzeug: 172.19.0.1 - - [07/Feb/2025 17:06:32] "GET /base/static/img/icons/mrp_plm.png HTTP/1.1" 200 - 0 0.000 0.013
2025-02-07 17:06:32,133 1 INFO ? werkzeug: 172.19.0.1 - - [07/Feb/2025 17:06:32] "GET /calendar/static/description/icon.png HTTP/1.1" 200 - 0 0.000 0.015
2025-02-07 17:06:32,137 1 INFO ? werkzeug: 172.19.0.1 - - [07/Feb/2025 17:06:32] "GET /base/static/img/icons/social.png HTTP/1.1" 200 - 0 0.000 0.016
2025-02-07 17:06:32,141 1 INFO ? werkzeug: 172.19.0.1 - - [07/Feb/2025 17:06:32] "GET /base/static/img/icons/hr_appraisal.png HTTP/1.1" 200 - 0 0.000 0.015
2025-02-07 17:06:32,146 1 INFO ? werkzeug: 172.19.0.1 - - [07/Feb/2025 17:06:32] "GET /fleet/static/description/icon.png HTTP/1.1" 200 - 0 0.000 0.014
2025-02-07 17:06:32,150 1 INFO ? werkzeug: 172.19.0.1 - - [07/Feb/2025 17:06:32] "GET /base/static/img/icons/marketing_automation.png HTTP/1.1" 200 - 0 0.000 0.015
2025-02-07 17:06:32,158 1 INFO ? werkzeug: 172.19.0.1 - - [07/Feb/2025 17:06:32] "GET /im_livechat/static/description/icon.png HTTP/1.1" 200 - 0 0.000 0.017
2025-02-07 17:06:32,162 1 INFO ? werkzeug: 172.19.0.1 - - [07/Feb/2025 17:06:32] "GET /survey/static/description/icon.png HTTP/1.1" 200 - 0 0.000 0.011
2025-02-07 17:06:32,163 1 INFO ? werkzeug: 172.19.0.1 - - [07/Feb/2025 17:06:32] "GET /base/static/img/icons/appointment.png HTTP/1.1" 200 - 0 0.000 0.015
2025-02-07 17:06:32,168 1 INFO ? werkzeug: 172.19.0.1 - - [07/Feb/2025 17:06:32] "GET /repair/static/description/icon.png HTTP/1.1" 200 - 0 0.000 0.008
2025-02-07 17:06:32,176 1 INFO ? werkzeug: 172.19.0.1 - - [07/Feb/2025 17:06:32] "GET /base/static/img/icons/web_mobile.png HTTP/1.1" 200 - 0 0.000 0.020
2025-02-07 17:06:32,178 1 INFO ? werkzeug: 172.19.0.1 - - [07/Feb/2025 17:06:32] "GET /hr_attendance/static/description/icon.png HTTP/1.1" 200 - 0 0.000 0.013
2025-02-07 17:06:32,180 1 INFO ? werkzeug: 172.19.0.1 - - [07/Feb/2025 17:06:32] "GET /base/static/img/icons/stock_barcode.png HTTP/1.1" 200 - 0 0.000 0.010
2025-02-07 17:06:32,182 1 INFO ? werkzeug: 172.19.0.1 - - [07/Feb/2025 17:06:32] "GET /mass_mailing_sms/static/description/icon.png HTTP/1.1" 200 - 0 0.000 0.015
2025-02-07 17:06:32,186 1 INFO ? werkzeug: 172.19.0.1 - - [07/Feb/2025 17:06:32] "GET /project_todo/static/description/icon.png HTTP/1.1" 200 - 0 0.000 0.011
2025-02-07 17:06:32,198 1 INFO ? werkzeug: 172.19.0.1 - - [07/Feb/2025 17:06:32] "GET /lunch/static/description/icon.png HTTP/1.1" 200 - 0 0.000 0.011
2025-02-07 17:06:32,200 1 INFO ? werkzeug: 172.19.0.1 - - [07/Feb/2025 17:06:32] "GET /base/static/img/icons/voip.png HTTP/1.1" 200 - 0 0.000 0.016
2025-02-07 17:06:32,201 1 INFO ? werkzeug: 172.19.0.1 - - [07/Feb/2025 17:06:32] "GET /hr_skills/static/description/icon.png HTTP/1.1" 200 - 0 0.000 0.018
2025-02-07 17:06:32,204 1 INFO ? werkzeug: 172.19.0.1 - - [07/Feb/2025 17:06:32] "GET /base/static/img/icons/sale_ebay.png HTTP/1.1" 200 - 0 0.000 0.007
2025-02-07 17:06:32,205 1 INFO ? werkzeug: 172.19.0.1 - - [07/Feb/2025 17:06:32] "GET /website_hr_recruitment/static/description/icon.png HTTP/1.1" 200 - 0 0.000 0.011
2025-02-07 17:06:32,207 1 INFO ? werkzeug: 172.19.0.1 - - [07/Feb/2025 17:06:32] "GET /base/static/img/icons/sale_amazon.png HTTP/1.1" 200 - 0 0.000 0.011
2025-02-07 17:06:35,747 1 INFO task werkzeug: 172.19.0.1 - - [07/Feb/2025 17:06:35] "GET /web?debug=1 HTTP/1.1" 200 - 22 0.008 0.040
2025-02-07 17:06:35,789 1 INFO task werkzeug: 172.19.0.1 - - [07/Feb/2025 17:06:35] "GET /web/webclient/load_menus/6c9b34af77f88a2543f34b0043e0bf8751ec41010716f4a08d62eca503c54fa0 HTTP/1.1" 200 - 1 0.000 0.006
2025-02-07 17:06:35,965 1 INFO task werkzeug: 172.19.0.1 - - [07/Feb/2025 17:06:35] "POST /web/action/load HTTP/1.1" 200 - 9 0.008 0.018
2025-02-07 17:06:35,974 1 INFO task werkzeug: 172.19.0.1 - - [07/Feb/2025 17:06:35] "GET /bus/websocket_worker_bundle?v=17.0-1 HTTP/1.1" 304 - 3 0.006 0.021
2025-02-07 17:06:36,020 1 INFO task werkzeug: 172.19.0.1 - - [07/Feb/2025 17:06:36] "GET /web/image?model=res.users&field=avatar_128&id=2 HTTP/1.1" 304 - 8 0.006 0.027
2025-02-07 17:06:36,051 1 INFO task werkzeug: 172.19.0.1 - - [07/Feb/2025 17:06:36] "POST /web/dataset/call_kw/ir.module.module/get_views HTTP/1.1" 200 - 2 0.002 0.032
2025-02-07 17:06:36,054 1 INFO task werkzeug: 172.19.0.1 - - [07/Feb/2025 17:06:36] "GET /web/manifest.webmanifest HTTP/1.1" 200 - 5 0.014 0.011
2025-02-07 17:06:36,070 1 INFO task werkzeug: 172.19.0.1 - - [07/Feb/2025 17:06:36] "GET /websocket?version=17.0-1 HTTP/1.1" 101 - 1 0.001 0.026
2025-02-07 17:06:36,079 1 INFO task werkzeug: 172.19.0.1 - - [07/Feb/2025 17:06:36] "POST /web/dataset/call_kw/ir.module.module/search_panel_select_range HTTP/1.1" 200 - 1 0.001 0.012
2025-02-07 17:06:36,120 1 INFO task werkzeug: 172.19.0.1 - - [07/Feb/2025 17:06:36] "POST /web/dataset/call_kw/ir.module.module/web_search_read HTTP/1.1" 200 - 3 0.004 0.047
2025-02-07 17:06:36,123 1 INFO task werkzeug: 172.19.0.1 - - [07/Feb/2025 17:06:36] "POST /web/dataset/call_kw/ir.module.module/search_panel_select_range HTTP/1.1" 200 - 38 0.032 0.025
2025-02-07 17:06:36,335 1 INFO ? werkzeug: 172.19.0.1 - - [07/Feb/2025 17:06:36] "GET /hr_contract/static/description/icon.png HTTP/1.1" 200 - 0 0.000 0.004
2025-02-07 17:06:37,773 1 INFO task werkzeug: 172.19.0.1 - - [07/Feb/2025 17:06:37] "POST /web/action/load HTTP/1.1" 200 - 8 0.002 0.009
2025-02-07 17:06:37,801 1 INFO task werkzeug: 172.19.0.1 - - [07/Feb/2025 17:06:37] "POST /web/dataset/call_kw/base.module.update/get_views HTTP/1.1" 200 - 9 0.004 0.012
2025-02-07 17:06:37,817 1 INFO task werkzeug: 172.19.0.1 - - [07/Feb/2025 17:06:37] "POST /web/dataset/call_kw/base.module.update/onchange HTTP/1.1" 200 - 2 0.001 0.005
2025-02-07 17:06:37,883 1 INFO task werkzeug: 172.19.0.1 - - [07/Feb/2025 17:06:37] "GET /web/service-worker.js HTTP/1.1" 200 - 1 0.000 0.005
2025-02-07 17:06:39,037 1 INFO task werkzeug: 172.19.0.1 - - [07/Feb/2025 17:06:39] "POST /web/dataset/call_kw/base.module.update/web_save HTTP/1.1" 200 - 5 0.005 0.007
2025-02-07 17:06:39,051 1 INFO task odoo.addons.base.models.ir_module: ALLOW access to module.update_list on [] to user eddm2417@gmail.com #2 via 172.19.0.1 
2025-02-07 17:06:39,704 1 INFO task werkzeug: 172.19.0.1 - - [07/Feb/2025 17:06:39] "POST /web/dataset/call_button HTTP/1.1" 200 - 1418 0.355 0.304
2025-02-07 17:06:44,235 1 INFO task werkzeug: 172.19.0.1 - - [07/Feb/2025 17:06:44] "POST /web/dataset/call_kw/ir.module.module/search_panel_select_range HTTP/1.1" 200 - 38 0.019 0.019
2025-02-07 17:06:44,249 1 INFO task werkzeug: 172.19.0.1 - - [07/Feb/2025 17:06:44] "POST /web/dataset/call_kw/ir.module.module/web_search_read HTTP/1.1" 200 - 4 0.005 0.045
2025-02-07 17:06:44,406 1 INFO ? werkzeug: 172.19.0.1 - - [07/Feb/2025 17:06:44] "GET /base/static/description/icon.png HTTP/1.1" 200 - 0 0.000 0.006
2025-02-07 17:06:46,053 1 INFO task werkzeug: 172.19.0.1 - - [07/Feb/2025 17:06:46] "POST /web/dataset/call_kw/ir.module.module/search_panel_select_range HTTP/1.1" 200 - 38 0.020 0.020
2025-02-07 17:06:46,071 1 INFO task werkzeug: 172.19.0.1 - - [07/Feb/2025 17:06:46] "POST /web/dataset/call_kw/ir.module.module/web_search_read HTTP/1.1" 200 - 3 0.003 0.009
2025-02-07 17:06:46,099 1 INFO ? werkzeug: 172.19.0.1 - - [07/Feb/2025 17:06:46] "GET /website_form_project/static/description/icon.png HTTP/1.1" 200 - 0 0.000 0.005
2025-02-07 17:06:46,100 1 INFO ? werkzeug: 172.19.0.1 - - [07/Feb/2025 17:06:46] "GET /hr_timesheet/static/description/icon.png HTTP/1.1" 200 - 0 0.000 0.005
2025-02-07 17:06:47,365 1 INFO task odoo.addons.base.models.ir_module: ALLOW access to module.button_immediate_install on ['Task Manager'] to user eddm2417@gmail.com #2 via 172.19.0.1 
2025-02-07 17:06:47,365 1 INFO task odoo.addons.base.models.ir_module: User #2 triggered module installation 
2025-02-07 17:06:47,368 1 INFO task odoo.addons.base.models.ir_module: ALLOW access to module.button_install on ['Task Manager'] to user eddm2417@gmail.com #2 via 172.19.0.1 
2025-02-07 17:06:47,419 1 INFO task odoo.modules.loading: loading 1 modules... 
2025-02-07 17:06:47,426 1 INFO task odoo.modules.loading: 1 modules loaded in 0.01s, 0 queries (+0 extra) 
2025-02-07 17:06:47,444 1 INFO task odoo.modules.loading: updating modules list 
2025-02-07 17:06:47,446 1 INFO task odoo.addons.base.models.ir_module: ALLOW access to module.update_list on [] to user __system__ #1 via 172.19.0.1 
2025-02-07 17:06:48,031 1 INFO task odoo.modules.loading: loading 11 modules... 
2025-02-07 17:06:48,039 1 INFO task odoo.modules.loading: 11 modules loaded in 0.01s, 0 queries (+0 extra) 
2025-02-07 17:06:48,041 1 INFO task odoo.modules.loading: loading 12 modules... 
2025-02-07 17:06:48,041 1 INFO task odoo.modules.loading: Loading module task_manager (2/12) 
2025-02-07 17:06:48,101 1 INFO task odoo.modules.registry: module task_manager: creating or updating database tables 
2025-02-07 17:06:48,221 1 INFO task odoo.modules.loading: loading task_manager/security/task_manager_security.xml 
2025-02-07 17:06:48,257 1 INFO task odoo.modules.loading: loading task_manager/security/ir.model.access.csv 
2025-02-07 17:06:48,275 1 WARNING task odoo.addons.base.models.ir_model: Rule access_task_user has no group, this is a deprecated feature. Every access-granting rule should specify a group. 
2025-02-07 17:06:48,281 1 INFO task odoo.modules.loading: loading task_manager/views/task_views.xml 
2025-02-07 17:06:48,303 1 INFO task odoo.modules.loading: loading task_manager/views/task_manager_menu.xml 
2025-02-07 17:06:48,316 1 INFO task odoo.modules.loading: loading task_manager/data/task_data.xml 
2025-02-07 17:06:48,351 1 INFO task odoo.modules.loading: Module task_manager loaded in 0.31s, 116 queries (+116 other) 
2025-02-07 17:06:48,352 1 INFO task odoo.modules.loading: 12 modules loaded in 0.31s, 116 queries (+116 extra) 
2025-02-07 17:06:48,634 1 INFO task odoo.modules.loading: Modules loaded. 
2025-02-07 17:06:48,637 1 INFO task odoo.modules.registry: Registry loaded in 1.233s 
2025-02-07 17:06:48,638 1 INFO task odoo.addons.base.models.ir_module: getting next ir.actions.todo() 
2025-02-07 17:06:48,644 1 INFO task odoo.modules.registry: Registry changed, signaling through the database 
2025-02-07 17:06:48,645 1 INFO task werkzeug: 172.19.0.1 - - [07/Feb/2025 17:06:48] "POST /web/dataset/call_button HTTP/1.1" 200 - 1966 0.697 0.589
2025-02-07 17:06:48,664 1 INFO task odoo.addons.base.models.ir_http: Generating routing map for key None 
2025-02-07 17:06:48,742 1 WARNING task odoo.modules.module: Missing `license` key in manifest for 'task_manager', defaulting to LGPL-3 
2025-02-07 17:06:48,811 1 INFO task werkzeug: 172.19.0.1 - - [07/Feb/2025 17:06:48] "GET /web HTTP/1.1" 200 - 69 0.023 0.131
2025-02-07 17:06:48,857 1 INFO task werkzeug: 172.19.0.1 - - [07/Feb/2025 17:06:48] "GET /web/webclient/load_menus/85013b98a7c4106bc8d37b65b25f3b12ab907e9393039ab2f3a36f8a5247c465 HTTP/1.1" 200 - 2 0.001 0.008
2025-02-07 17:06:48,858 1 INFO task werkzeug: 172.19.0.1 - - [07/Feb/2025 17:06:48] "GET /web/webclient/translations/d0eae499cf07834ea3f741501a13956d274a38b1?lang=en_US HTTP/1.1" 200 - 3 0.003 0.005
2025-02-07 17:06:48,975 1 INFO task werkzeug: 172.19.0.1 - - [07/Feb/2025 17:06:48] "GET /bus/websocket_worker_bundle?v=17.0-1 HTTP/1.1" 304 - 4 0.003 0.047
2025-02-07 17:06:48,995 1 INFO task werkzeug: 172.19.0.1 - - [07/Feb/2025 17:06:48] "GET /web/image?model=res.users&field=avatar_128&id=2 HTTP/1.1" 304 - 8 0.008 0.032
2025-02-07 17:06:48,995 1 INFO task werkzeug: 172.19.0.1 - - [07/Feb/2025 17:06:48] "POST /web/action/load HTTP/1.1" 200 - 8 0.011 0.029
2025-02-07 17:06:49,007 1 INFO task werkzeug: 172.19.0.1 - - [07/Feb/2025 17:06:49] "GET /websocket?version=17.0-1 HTTP/1.1" 101 - 1 0.001 0.019
2025-02-07 17:06:49,026 1 INFO task werkzeug: 172.19.0.1 - - [07/Feb/2025 17:06:49] "GET /web/manifest.webmanifest HTTP/1.1" 200 - 7 0.003 0.012
2025-02-07 17:06:49,068 1 INFO task werkzeug: 172.19.0.1 - - [07/Feb/2025 17:06:49] "POST /web/dataset/call_kw/task.task/get_views HTTP/1.1" 200 - 21 0.016 0.031
2025-02-07 17:06:49,098 1 INFO task werkzeug: 172.19.0.1 - - [07/Feb/2025 17:06:49] "POST /web/dataset/call_kw/res.users/has_group HTTP/1.1" 200 - 2 0.002 0.005
2025-02-07 17:06:49,101 1 INFO task werkzeug: 172.19.0.1 - - [07/Feb/2025 17:06:49] "POST /web/dataset/call_kw/task.task/web_search_read HTTP/1.1" 200 - 3 0.003 0.008
2025-02-07 17:06:50,696 1 INFO task werkzeug: 172.19.0.1 - - [07/Feb/2025 17:06:50] "GET /web/service-worker.js HTTP/1.1" 200 - 1 0.000 0.006
2025-02-07 17:06:52,047 1 INFO task werkzeug: 172.19.0.1 - - [07/Feb/2025 17:06:52] "POST /web/dataset/call_kw/task.task/web_search_read HTTP/1.1" 200 - 2 0.001 0.006
2025-02-07 17:06:53,298 1 INFO task werkzeug: 172.19.0.1 - - [07/Feb/2025 17:06:53] "POST /web/dataset/call_kw/task.task/web_search_read HTTP/1.1" 200 - 2 0.001 0.005
2025-02-07 17:06:57,886 1 INFO task werkzeug: 172.19.0.1 - - [07/Feb/2025 17:06:57] "POST /web/action/load HTTP/1.1" 200 - 8 0.002 0.007
2025-02-07 17:06:57,914 1 INFO task werkzeug: 172.19.0.1 - - [07/Feb/2025 17:06:57] "POST /web/dataset/call_kw/res.config.settings/get_views HTTP/1.1" 200 - 8 0.005 0.014
2025-02-07 17:06:57,942 1 INFO task werkzeug: 172.19.0.1 - - [07/Feb/2025 17:06:57] "POST /web/dataset/call_kw/res.config.settings/onchange HTTP/1.1" 200 - 25 0.005 0.013
2025-02-07 17:06:57,981 1 INFO task werkzeug: 172.19.0.1 - - [07/Feb/2025 17:06:57] "POST /base_setup/demo_active HTTP/1.1" 200 - 2 0.001 0.005
2025-02-07 17:06:57,994 1 INFO task werkzeug: 172.19.0.1 - - [07/Feb/2025 17:06:57] "POST /base_setup/data HTTP/1.1" 200 - 6 0.004 0.005
2025-02-07 17:06:58,020 1 INFO ? werkzeug: 172.19.0.1 - - [07/Feb/2025 17:06:58] "GET /base/static/description/settings.png HTTP/1.1" 200 - 0 0.000 0.004
2025-02-07 17:06:58,034 1 INFO ? werkzeug: 172.19.0.1 - - [07/Feb/2025 17:06:58] "GET /base_setup/static/src/img/google_play.png HTTP/1.1" 200 - 0 0.000 0.006
2025-02-07 17:06:58,034 1 INFO ? werkzeug: 172.19.0.1 - - [07/Feb/2025 17:06:58] "GET /base_setup/static/src/img/app_store.png HTTP/1.1" 200 - 0 0.000 0.005
2025-02-07 17:07:00,628 1 INFO task werkzeug: 172.19.0.1 - - [07/Feb/2025 17:07:00] "POST /web/action/load HTTP/1.1" 200 - 11 0.003 0.010
2025-02-07 17:07:00,709 1 INFO task werkzeug: 172.19.0.1 - - [07/Feb/2025 17:07:00] "POST /web/dataset/call_kw/res.users/get_views HTTP/1.1" 200 - 44 0.021 0.037
2025-02-07 17:07:00,732 1 INFO task werkzeug: 172.19.0.1 - - [07/Feb/2025 17:07:00] "POST /web/dataset/call_kw/res.users/web_search_read HTTP/1.1" 200 - 15 0.004 0.010
2025-02-07 17:07:02,630 1 INFO task werkzeug: 172.19.0.1 - - [07/Feb/2025 17:07:02] "POST /web/dataset/call_kw/res.users/web_read HTTP/1.1" 200 - 33 0.013 0.025
2025-02-07 17:07:02,692 1 INFO ? werkzeug: 172.19.0.1 - - [07/Feb/2025 17:07:02] "GET /web/static/img/placeholder.png HTTP/1.1" 200 - 0 0.000 0.006
2025-02-07 17:07:06,401 1 INFO task odoo.modules.registry: Caches invalidated, signaling through the database: ['default'] 
2025-02-07 17:07:06,403 1 INFO task werkzeug: 172.19.0.1 - - [07/Feb/2025 17:07:06] "POST /web/dataset/call_kw/res.users/web_save HTTP/1.1" 200 - 106 0.032 0.051
2025-02-07 17:07:08,779 1 INFO task werkzeug: 172.19.0.1 - - [07/Feb/2025 17:07:08] "POST /web/dataset/call_kw/task.task/web_search_read HTTP/1.1" 200 - 8 0.004 0.008
2025-02-07 17:07:09,783 1 INFO task werkzeug: 172.19.0.1 - - [07/Feb/2025 17:07:09] "POST /web/dataset/call_kw/task.task/web_read HTTP/1.1" 200 - 2 0.001 0.005
2025-02-07 17:07:12,609 1 INFO task werkzeug: 172.19.0.1 - - [07/Feb/2025 17:07:12] "POST /web/dataset/call_kw/task.task/web_search_read HTTP/1.1" 200 - 2 0.001 0.006
2025-02-07 17:07:15,721 1 INFO task werkzeug: 172.19.0.1 - - [07/Feb/2025 17:07:15] "POST /web/dataset/call_kw/task.task/web_read HTTP/1.1" 200 - 2 0.001 0.005
2025-02-07 17:07:17,483 1 INFO task werkzeug: 172.19.0.1 - - [07/Feb/2025 17:07:17] "GET /web HTTP/1.1" 200 - 48 0.016 0.058
2025-02-07 17:07:17,593 1 INFO task werkzeug: 172.19.0.1 - - [07/Feb/2025 17:07:17] "POST /web/action/load HTTP/1.1" 200 - 8 0.004 0.012
2025-02-07 17:07:17,598 1 INFO task werkzeug: 172.19.0.1 - - [07/Feb/2025 17:07:17] "GET /bus/websocket_worker_bundle?v=17.0-1 HTTP/1.1" 304 - 3 0.002 0.016
2025-02-07 17:07:17,625 1 INFO task werkzeug: 172.19.0.1 - - [07/Feb/2025 17:07:17] "GET /web/image?model=res.users&field=avatar_128&id=2 HTTP/1.1" 200 - 8 0.006 0.015
2025-02-07 17:07:17,644 1 INFO task werkzeug: 172.19.0.1 - - [07/Feb/2025 17:07:17] "GET /websocket?version=17.0-1 HTTP/1.1" 101 - 1 0.000 0.022
2025-02-07 17:07:17,652 1 INFO task werkzeug: 172.19.0.1 - - [07/Feb/2025 17:07:17] "POST /web/dataset/call_kw/task.task/get_views HTTP/1.1" 200 - 14 0.016 0.023
2025-02-07 17:07:17,656 1 INFO task werkzeug: 172.19.0.1 - - [07/Feb/2025 17:07:17] "GET /web/manifest.webmanifest HTTP/1.1" 200 - 7 0.005 0.013
2025-02-07 17:07:17,670 1 INFO task werkzeug: 172.19.0.1 - - [07/Feb/2025 17:07:17] "POST /web/dataset/call_kw/task.task/web_read HTTP/1.1" 200 - 2 0.001 0.007
2025-02-07 17:07:19,226 1 INFO task werkzeug: 172.19.0.1 - - [07/Feb/2025 17:07:19] "GET /web/service-worker.js HTTP/1.1" 200 - 1 0.000 0.005
2025-02-07 17:07:19,237 1 INFO task werkzeug: 172.19.0.1 - - [07/Feb/2025 17:07:19] "POST /web/dataset/call_kw/task.task/web_search_read HTTP/1.1" 200 - 2 0.001 0.005
2025-02-07 17:07:19,237 1 INFO task werkzeug: 172.19.0.1 - - [07/Feb/2025 17:07:19] "POST /web/dataset/call_kw/res.users/has_group HTTP/1.1" 200 - 2 0.001 0.004
2025-02-07 17:07:21,068 1 INFO task werkzeug: 172.19.0.1 - - [07/Feb/2025 17:07:21] "POST /web/dataset/call_kw/task.task/onchange HTTP/1.1" 200 - 2 0.001 0.006
2025-02-07 17:07:23,705 1 INFO task werkzeug: 172.19.0.1 - - [07/Feb/2025 17:07:23] "POST /web/dataset/call_kw/task.task/web_search_read HTTP/1.1" 200 - 2 0.001 0.005
2025-02-07 17:07:24,296 1 INFO task werkzeug: 172.19.0.1 - - [07/Feb/2025 17:07:24] "POST /web/dataset/call_kw/task.task/web_read HTTP/1.1" 200 - 2 0.001 0.006
2025-02-07 17:07:24,980 1 INFO task werkzeug: 172.19.0.1 - - [07/Feb/2025 17:07:24] "POST /web/dataset/call_kw/res.users/name_search HTTP/1.1" 200 - 5 0.002 0.008
2025-02-07 17:07:31,759 1 INFO task werkzeug: 172.19.0.1 - - [07/Feb/2025 17:07:31] "POST /web/dataset/call_kw/task.task/web_save HTTP/1.1" 200 - 7 0.004 0.011
2025-02-07 17:07:31,773 1 INFO task werkzeug: 172.19.0.1 - - [07/Feb/2025 17:07:31] "POST /web/dataset/call_button HTTP/1.1" 200 - 3 0.001 0.007
2025-02-07 17:07:31,786 1 INFO task werkzeug: 172.19.0.1 - - [07/Feb/2025 17:07:31] "POST /web/dataset/call_kw/task.task/web_read HTTP/1.1" 200 - 4 0.001 0.007
2025-02-07 17:07:34,550 1 INFO task werkzeug: 172.19.0.1 - - [07/Feb/2025 17:07:34] "POST /web/dataset/call_kw/res.users/name_search HTTP/1.1" 200 - 5 0.003 0.009
2025-02-07 17:07:39,899 1 INFO task werkzeug: 172.19.0.1 - - [07/Feb/2025 17:07:39] "POST /web/dataset/call_kw/task.task/web_search_read HTTP/1.1" 200 - 4 0.001 0.007
2025-02-07 17:09:49,128 1 INFO ? odoo.service.server: Initiating shutdown 
2025-02-07 17:09:49,129 1 INFO ? odoo.service.server: Hit CTRL-C again or send a second signal to force the shutdown. 
2025-02-07 17:09:49,673 1 INFO ? odoo.sql_db: ConnectionPool(used=0/count=0/max=64): Closed 5 connections  
2025-02-07 17:09:56,736 1 INFO ? odoo: Odoo version 17.0-20250106 
2025-02-07 17:09:56,736 1 INFO ? odoo: Using configuration file at /etc/odoo/odoo.conf 
2025-02-07 17:09:56,737 1 INFO ? odoo: addons paths: ['/usr/lib/python3/dist-packages/odoo/addons', '/etc/odoo/addons/17.0', '/mnt/extra-addons'] 
2025-02-07 17:09:56,737 1 INFO ? odoo: database: odoo@db:5432 
2025-02-07 17:09:56,818 1 INFO ? odoo.addons.base.models.ir_actions_report: Will use the Wkhtmltopdf binary at /usr/local/bin/wkhtmltopdf 
2025-02-07 17:09:56,951 1 INFO ? odoo.service.server: HTTP service (werkzeug) running on 2a2af9865e41:8069 
2025-02-07 17:09:57,596 1 INFO ? odoo.modules.loading: loading 1 modules... 
2025-02-07 17:09:57,604 1 INFO ? odoo.modules.loading: 1 modules loaded in 0.01s, 0 queries (+0 extra) 
2025-02-07 17:09:57,629 1 WARNING ? odoo.modules.module: Missing `license` key in manifest for 'task_manager', defaulting to LGPL-3 
2025-02-07 17:09:57,651 1 INFO ? odoo.modules.loading: loading 12 modules... 
2025-02-07 17:09:57,775 1 INFO ? odoo.modules.loading: 12 modules loaded in 0.12s, 0 queries (+0 extra) 
2025-02-07 17:09:57,818 1 INFO ? odoo.modules.loading: Modules loaded. 
2025-02-07 17:09:57,827 1 INFO ? odoo.modules.registry: Registry loaded in 0.388s 
2025-02-07 17:09:57,853 1 INFO task odoo.addons.base.models.ir_http: Generating routing map for key None 
2025-02-07 17:09:57,876 1 INFO task odoo.addons.base.models.ir_http: Generating routing map for key None 
2025-02-07 17:09:57,903 1 INFO task werkzeug: 172.19.0.1 - - [07/Feb/2025 17:09:57] "GET / HTTP/1.1" 303 - 6 0.016 0.327
2025-02-07 17:09:57,923 1 INFO task werkzeug: 172.19.0.1 - - [07/Feb/2025 17:09:57] "GET /websocket?version=17.0-1 HTTP/1.1" 101 - 21 0.159 0.331
2025-02-07 17:09:58,132 1 WARNING task odoo.modules.module: Missing `license` key in manifest for 'task_manager', defaulting to LGPL-3 
2025-02-07 17:09:58,211 1 INFO task werkzeug: 172.19.0.1 - - [07/Feb/2025 17:09:58] "GET /web HTTP/1.1" 200 - 66 0.119 0.178
2025-02-07 17:09:58,251 1 INFO ? odoo.addons.bus.models.bus: Bus.loop listen imbus on db postgres 
2025-02-07 17:09:58,506 1 INFO task werkzeug: 172.19.0.1 - - [07/Feb/2025 17:09:58] "GET /web/image?model=res.users&field=avatar_128&id=2 HTTP/1.1" 304 - 15 0.022 0.023
2025-02-07 17:09:58,534 1 INFO task werkzeug: 172.19.0.1 - - [07/Feb/2025 17:09:58] "GET /web/manifest.webmanifest HTTP/1.1" 200 - 7 0.007 0.009
2025-02-07 17:09:59,322 1 INFO task werkzeug: 172.19.0.1 - - [07/Feb/2025 17:09:59] "POST /web/action/load HTTP/1.1" 200 - 9 0.013 0.845
2025-02-07 17:09:59,411 1 INFO task werkzeug: 172.19.0.1 - - [07/Feb/2025 17:09:59] "POST /web/dataset/call_kw/task.task/get_views HTTP/1.1" 200 - 22 0.016 0.061
2025-02-07 17:09:59,433 1 INFO task werkzeug: 172.19.0.1 - - [07/Feb/2025 17:09:59] "POST /web/dataset/call_kw/res.users/has_group HTTP/1.1" 200 - 2 0.001 0.007
2025-02-07 17:09:59,438 1 INFO task werkzeug: 172.19.0.1 - - [07/Feb/2025 17:09:59] "POST /web/dataset/call_kw/task.task/web_search_read HTTP/1.1" 200 - 5 0.006 0.006
2025-02-07 17:10:00,025 1 INFO task werkzeug: 172.19.0.1 - - [07/Feb/2025 17:10:00] "GET /web/service-worker.js HTTP/1.1" 200 - 1 0.000 0.007
2025-02-07 17:10:18,047 1 INFO ? odoo.service.server: Initiating shutdown 
2025-02-07 17:10:18,048 1 INFO ? odoo.service.server: Hit CTRL-C again or send a second signal to force the shutdown. 
2025-02-07 17:10:18,604 1 INFO ? odoo.sql_db: ConnectionPool(used=0/count=0/max=64): Closed 5 connections  
2025-02-07 17:11:26,930 1 INFO ? odoo: Odoo version 17.0-20250106 
2025-02-07 17:11:26,930 1 INFO ? odoo: Using configuration file at /etc/odoo/odoo.conf 
2025-02-07 17:11:26,931 1 INFO ? odoo: addons paths: ['/usr/lib/python3/dist-packages/odoo/addons', '/etc/odoo/addons/17.0', '/mnt/extra-addons'] 
2025-02-07 17:11:26,931 1 INFO ? odoo: database: odoo@db:5432 
2025-02-07 17:11:27,011 1 INFO ? odoo.addons.base.models.ir_actions_report: Will use the Wkhtmltopdf binary at /usr/local/bin/wkhtmltopdf 
2025-02-07 17:11:27,137 1 INFO ? odoo.service.server: HTTP service (werkzeug) running on a406073f05e4:8069 
2025-02-07 17:11:27,588 1 INFO ? odoo.modules.loading: loading 1 modules... 
2025-02-07 17:11:27,595 1 INFO ? odoo.modules.loading: 1 modules loaded in 0.01s, 0 queries (+0 extra) 
2025-02-07 17:11:27,611 1 WARNING ? odoo.modules.module: Missing `license` key in manifest for 'task_manager', defaulting to LGPL-3 
2025-02-07 17:11:27,625 1 INFO ? odoo.modules.loading: loading 12 modules... 
2025-02-07 17:11:27,735 1 INFO ? odoo.modules.loading: 12 modules loaded in 0.11s, 0 queries (+0 extra) 
2025-02-07 17:11:27,775 1 INFO ? odoo.modules.loading: Modules loaded. 
2025-02-07 17:11:27,784 1 INFO ? odoo.modules.registry: Registry loaded in 0.302s 
2025-02-07 17:11:27,785 1 INFO task odoo.addons.base.models.ir_http: Generating routing map for key None 
2025-02-07 17:11:27,830 1 INFO task werkzeug: 172.19.0.1 - - [07/Feb/2025 17:11:27] "GET / HTTP/1.1" 303 - 21 0.086 0.268
2025-02-07 17:11:28,063 1 WARNING task odoo.modules.module: Missing `license` key in manifest for 'task_manager', defaulting to LGPL-3 
2025-02-07 17:11:28,134 1 INFO task werkzeug: 172.19.0.1 - - [07/Feb/2025 17:11:28] "GET /web HTTP/1.1" 200 - 67 0.113 0.181
2025-02-07 17:11:28,348 1 INFO task werkzeug: 172.19.0.1 - - [07/Feb/2025 17:11:28] "GET /websocket?version=17.0-1 HTTP/1.1" 101 - 1 0.000 0.016
2025-02-07 17:11:28,390 1 INFO task werkzeug: 172.19.0.1 - - [07/Feb/2025 17:11:28] "GET /web/image?model=res.users&field=avatar_128&id=2 HTTP/1.1" 304 - 15 0.010 0.020
2025-02-07 17:11:28,430 1 INFO task werkzeug: 172.19.0.1 - - [07/Feb/2025 17:11:28] "GET /web/manifest.webmanifest HTTP/1.1" 200 - 7 0.005 0.011
2025-02-07 17:11:28,667 1 INFO ? odoo.addons.bus.models.bus: Bus.loop listen imbus on db postgres 
2025-02-07 17:11:29,237 1 INFO task werkzeug: 172.19.0.1 - - [07/Feb/2025 17:11:29] "POST /web/action/load HTTP/1.1" 200 - 9 0.012 0.861
2025-02-07 17:11:29,284 1 INFO task werkzeug: 172.19.0.1 - - [07/Feb/2025 17:11:29] "POST /web/dataset/call_kw/task.task/get_views HTTP/1.1" 200 - 22 0.014 0.022
2025-02-07 17:11:29,328 1 INFO task werkzeug: 172.19.0.1 - - [07/Feb/2025 17:11:29] "POST /web/dataset/call_kw/task.task/web_search_read HTTP/1.1" 200 - 5 0.006 0.026
2025-02-07 17:11:29,329 1 INFO task werkzeug: 172.19.0.1 - - [07/Feb/2025 17:11:29] "POST /web/dataset/call_kw/res.users/has_group HTTP/1.1" 200 - 2 0.007 0.025
2025-02-07 17:11:29,949 1 INFO task werkzeug: 172.19.0.1 - - [07/Feb/2025 17:11:29] "GET /web/service-worker.js HTTP/1.1" 200 - 1 0.000 0.005
2025-02-07 17:17:38,904 1 INFO ? odoo.service.server: Initiating shutdown 
2025-02-07 17:17:38,905 1 INFO ? odoo.service.server: Hit CTRL-C again or send a second signal to force the shutdown. 
2025-02-07 17:17:39,047 1 INFO ? odoo.sql_db: ConnectionPool(used=0/count=0/max=64): Closed 5 connections  
